[2026-04-22T14:55:31+08:00][sql] CONNECT:[ UseTime:0.001464s ] mysql:host=127.0.0.1;port=3306;dbname=ai_prompt;charset=utf8mb4
[2026-04-22T14:55:31+08:00][sql] SHOW FULL COLUMNS FROM `prompts` [ RunTime:0.010538s ]
[2026-04-22T14:55:31+08:00][sql] SELECT * FROM `prompts` WHERE  `status` = 2  AND `is_recommend` = 1 ORDER BY `create_time` DESC LIMIT 8 [ RunTime:0.001151s ]
[2026-04-22T14:55:31+08:00][sql] SHOW FULL COLUMNS FROM `workflows` [ RunTime:0.005869s ]
[2026-04-22T14:55:31+08:00][sql] SELECT * FROM `workflows` WHERE  `status` = 2  AND `is_recommend` = 1 ORDER BY `create_time` DESC LIMIT 8 [ RunTime:0.000993s ]
[2026-04-22T14:55:31+08:00][sql] SELECT * FROM `prompts` WHERE  `status` = 2 ORDER BY `create_time` DESC LIMIT 12 [ RunTime:0.000583s ]
[2026-04-22T14:55:31+08:00][sql] SHOW FULL COLUMNS FROM `categories` [ RunTime:0.006425s ]
[2026-04-22T14:55:31+08:00][sql] SELECT * FROM `categories` WHERE  `type` = 1  AND `status` = 1 ORDER BY `sort` ASC [ RunTime:0.000577s ]
[2026-04-22T14:55:31+08:00][sql] SELECT * FROM `categories` WHERE  `type` = 2  AND `status` = 1 ORDER BY `sort` ASC [ RunTime:0.000384s ]
[2026-04-22T15:57:44+08:00][sql] CONNECT:[ UseTime:0.003799s ] mysql:host=127.0.0.1;port=3306;dbname=ai_prompt;charset=utf8mb4
[2026-04-22T15:57:44+08:00][sql] SHOW FULL COLUMNS FROM `prompts` [ RunTime:0.006137s ]
[2026-04-22T15:57:44+08:00][sql] SELECT * FROM `prompts` WHERE  `status` = 2  AND `is_recommend` = 1 ORDER BY `create_time` DESC LIMIT 8 [ RunTime:0.000645s ]
[2026-04-22T15:57:44+08:00][sql] SHOW FULL COLUMNS FROM `workflows` [ RunTime:0.004461s ]
[2026-04-22T15:57:44+08:00][sql] SELECT * FROM `workflows` WHERE  `status` = 2  AND `is_recommend` = 1 ORDER BY `create_time` DESC LIMIT 8 [ RunTime:0.000606s ]
[2026-04-22T15:57:44+08:00][sql] SELECT * FROM `prompts` WHERE  `status` = 2 ORDER BY `create_time` DESC LIMIT 12 [ RunTime:0.000512s ]
[2026-04-22T15:57:44+08:00][sql] SHOW FULL COLUMNS FROM `categories` [ RunTime:0.004687s ]
[2026-04-22T15:57:44+08:00][sql] SELECT * FROM `categories` WHERE  `type` = 1  AND `status` = 1 ORDER BY `sort` ASC [ RunTime:0.000555s ]
[2026-04-22T15:57:44+08:00][sql] SELECT * FROM `categories` WHERE  `type` = 2  AND `status` = 1 ORDER BY `sort` ASC [ RunTime:0.000409s ]
[2026-04-22T16:32:07+08:00][sql] CONNECT:[ UseTime:0.001671s ] mysql:host=127.0.0.1;port=3306;dbname=ai_prompt;charset=utf8mb4
[2026-04-22T16:32:07+08:00][sql] SHOW FULL COLUMNS FROM `prompts` [ RunTime:0.005330s ]
[2026-04-22T16:32:07+08:00][sql] SELECT * FROM `prompts` WHERE  `status` = 2  AND `is_recommend` = 1 ORDER BY `create_time` DESC LIMIT 8 [ RunTime:0.000474s ]
[2026-04-22T16:32:07+08:00][sql] SHOW FULL COLUMNS FROM `workflows` [ RunTime:0.004611s ]
[2026-04-22T16:32:07+08:00][sql] SELECT * FROM `workflows` WHERE  `status` = 2  AND `is_recommend` = 1 ORDER BY `create_time` DESC LIMIT 8 [ RunTime:0.000437s ]
[2026-04-22T16:32:07+08:00][sql] SELECT * FROM `prompts` WHERE  `status` = 2 ORDER BY `create_time` DESC LIMIT 12 [ RunTime:0.000360s ]
[2026-04-22T16:32:07+08:00][sql] SHOW FULL COLUMNS FROM `categories` [ RunTime:0.003841s ]
[2026-04-22T16:32:07+08:00][sql] SELECT * FROM `categories` WHERE  `type` = 1  AND `status` = 1 ORDER BY `sort` ASC [ RunTime:0.000419s ]
[2026-04-22T16:32:07+08:00][sql] SELECT * FROM `categories` WHERE  `type` = 2  AND `status` = 1 ORDER BY `sort` ASC [ RunTime:0.000375s ]
[2026-04-22T22:24:51+08:00][sql] CONNECT:[ UseTime:0.023348s ] mysql:host=127.0.0.1;port=3306;dbname=ai_prompt;charset=utf8mb4
[2026-04-22T22:24:51+08:00][sql] SHOW FULL COLUMNS FROM `prompts` [ RunTime:0.016219s ]
[2026-04-22T22:24:51+08:00][sql] SELECT * FROM `prompts` WHERE  `status` = 2  AND `is_recommend` = 1 ORDER BY `create_time` DESC LIMIT 8 [ RunTime:0.001313s ]
[2026-04-22T22:24:51+08:00][sql] SHOW FULL COLUMNS FROM `workflows` [ RunTime:0.008315s ]
[2026-04-22T22:24:51+08:00][sql] SELECT * FROM `workflows` WHERE  `status` = 2  AND `is_recommend` = 1 ORDER BY `create_time` DESC LIMIT 8 [ RunTime:0.001151s ]
[2026-04-22T22:24:51+08:00][sql] SELECT * FROM `prompts` WHERE  `status` = 2 ORDER BY `create_time` DESC LIMIT 12 [ RunTime:0.000631s ]
[2026-04-22T22:24:51+08:00][sql] SHOW FULL COLUMNS FROM `categories` [ RunTime:0.006724s ]
[2026-04-22T22:24:51+08:00][sql] SELECT * FROM `categories` WHERE  `type` = 1  AND `status` = 1 ORDER BY `sort` ASC [ RunTime:0.000614s ]
[2026-04-22T22:24:51+08:00][sql] SELECT * FROM `categories` WHERE  `type` = 2  AND `status` = 1 ORDER BY `sort` ASC [ RunTime:0.000285s ]
[2026-04-22T22:26:17+08:00][sql] CONNECT:[ UseTime:0.001240s ] mysql:host=127.0.0.1;port=3306;dbname=ai_prompt;charset=utf8mb4
[2026-04-22T22:26:17+08:00][sql] SHOW FULL COLUMNS FROM `prompts` [ RunTime:0.003701s ]
[2026-04-22T22:26:17+08:00][sql] SELECT * FROM `prompts` WHERE  `status` = 2  AND `is_recommend` = 1 ORDER BY `create_time` DESC LIMIT 8 [ RunTime:0.000494s ]
[2026-04-22T22:26:17+08:00][sql] SHOW FULL COLUMNS FROM `workflows` [ RunTime:0.005025s ]
[2026-04-22T22:26:17+08:00][sql] SELECT * FROM `workflows` WHERE  `status` = 2  AND `is_recommend` = 1 ORDER BY `create_time` DESC LIMIT 8 [ RunTime:0.000944s ]
[2026-04-22T22:26:17+08:00][sql] SELECT * FROM `prompts` WHERE  `status` = 2 ORDER BY `create_time` DESC LIMIT 12 [ RunTime:0.000478s ]
[2026-04-22T22:26:17+08:00][sql] SHOW FULL COLUMNS FROM `categories` [ RunTime:0.003490s ]
[2026-04-22T22:26:17+08:00][sql] SELECT * FROM `categories` WHERE  `type` = 1  AND `status` = 1 ORDER BY `sort` ASC [ RunTime:0.000338s ]
[2026-04-22T22:26:17+08:00][sql] SELECT * FROM `categories` WHERE  `type` = 2  AND `status` = 1 ORDER BY `sort` ASC [ RunTime:0.000378s ]
[2026-04-22T22:26:20+08:00][sql] CONNECT:[ UseTime:0.001667s ] mysql:host=127.0.0.1;port=3306;dbname=ai_prompt;charset=utf8mb4
[2026-04-22T22:26:20+08:00][sql] SHOW FULL COLUMNS FROM `prompts` [ RunTime:0.004111s ]
[2026-04-22T22:26:20+08:00][sql] SELECT * FROM `prompts` WHERE  `status` = 2  AND `is_recommend` = 1 ORDER BY `create_time` DESC LIMIT 8 [ RunTime:0.000918s ]
[2026-04-22T22:26:20+08:00][sql] SHOW FULL COLUMNS FROM `workflows` [ RunTime:0.004114s ]
[2026-04-22T22:26:20+08:00][sql] SELECT * FROM `workflows` WHERE  `status` = 2  AND `is_recommend` = 1 ORDER BY `create_time` DESC LIMIT 8 [ RunTime:0.000393s ]
[2026-04-22T22:26:20+08:00][sql] SELECT * FROM `prompts` WHERE  `status` = 2 ORDER BY `create_time` DESC LIMIT 12 [ RunTime:0.000273s ]
[2026-04-22T22:26:20+08:00][sql] SHOW FULL COLUMNS FROM `categories` [ RunTime:0.007701s ]
[2026-04-22T22:26:20+08:00][sql] SELECT * FROM `categories` WHERE  `type` = 1  AND `status` = 1 ORDER BY `sort` ASC [ RunTime:0.000622s ]
[2026-04-22T22:26:20+08:00][sql] SELECT * FROM `categories` WHERE  `type` = 2  AND `status` = 1 ORDER BY `sort` ASC [ RunTime:0.000596s ]
[2026-04-22T22:26:21+08:00][sql] CONNECT:[ UseTime:0.001079s ] mysql:host=127.0.0.1;port=3306;dbname=ai_prompt;charset=utf8mb4
[2026-04-22T22:26:21+08:00][sql] SHOW FULL COLUMNS FROM `prompts` [ RunTime:0.003845s ]
[2026-04-22T22:26:21+08:00][sql] SELECT * FROM `prompts` WHERE  `status` = 2  AND `is_recommend` = 1 ORDER BY `create_time` DESC LIMIT 8 [ RunTime:0.000364s ]
[2026-04-22T22:26:21+08:00][sql] SHOW FULL COLUMNS FROM `workflows` [ RunTime:0.004112s ]
[2026-04-22T22:26:21+08:00][sql] SELECT * FROM `workflows` WHERE  `status` = 2  AND `is_recommend` = 1 ORDER BY `create_time` DESC LIMIT 8 [ RunTime:0.000383s ]
[2026-04-22T22:26:21+08:00][sql] SELECT * FROM `prompts` WHERE  `status` = 2 ORDER BY `create_time` DESC LIMIT 12 [ RunTime:0.000236s ]
[2026-04-22T22:26:21+08:00][sql] SHOW FULL COLUMNS FROM `categories` [ RunTime:0.003378s ]
[2026-04-22T22:26:21+08:00][sql] SELECT * FROM `categories` WHERE  `type` = 1  AND `status` = 1 ORDER BY `sort` ASC [ RunTime:0.000239s ]
[2026-04-22T22:26:21+08:00][sql] SELECT * FROM `categories` WHERE  `type` = 2  AND `status` = 1 ORDER BY `sort` ASC [ RunTime:0.000210s ]
[2026-04-22T22:40:24+08:00][sql] CONNECT:[ UseTime:0.021838s ] mysql:host=127.0.0.1;port=3306;dbname=ai_prompt;charset=utf8mb4
[2026-04-22T22:40:24+08:00][sql] SHOW FULL COLUMNS FROM `prompts` [ RunTime:0.007922s ]
[2026-04-22T22:40:24+08:00][sql] SELECT * FROM `prompts` WHERE  `status` = 2  AND `is_recommend` = 1 ORDER BY `create_time` DESC LIMIT 8 [ RunTime:0.001182s ]
[2026-04-22T22:40:24+08:00][sql] SHOW FULL COLUMNS FROM `workflows` [ RunTime:0.006807s ]
[2026-04-22T22:40:24+08:00][sql] SELECT * FROM `workflows` WHERE  `status` = 2  AND `is_recommend` = 1 ORDER BY `create_time` DESC LIMIT 8 [ RunTime:0.000819s ]
[2026-04-22T22:40:24+08:00][sql] SELECT * FROM `prompts` WHERE  `status` = 2 ORDER BY `create_time` DESC LIMIT 12 [ RunTime:0.000314s ]
[2026-04-22T22:40:24+08:00][sql] SHOW FULL COLUMNS FROM `categories` [ RunTime:0.007001s ]
[2026-04-22T22:40:24+08:00][sql] SELECT * FROM `categories` WHERE  `type` = 1  AND `status` = 1 ORDER BY `sort` ASC [ RunTime:0.000834s ]
[2026-04-22T22:40:24+08:00][sql] SELECT * FROM `categories` WHERE  `type` = 2  AND `status` = 1 ORDER BY `sort` ASC [ RunTime:0.000378s ]
[2026-04-22T22:43:48+08:00][sql] CONNECT:[ UseTime:0.024511s ] mysql:host=127.0.0.1;port=3306;dbname=ai_prompt;charset=utf8mb4
[2026-04-22T22:43:48+08:00][sql] SHOW FULL COLUMNS FROM `prompts` [ RunTime:0.007535s ]
[2026-04-22T22:43:48+08:00][sql] SELECT * FROM `prompts` WHERE  `status` = 2  AND `is_recommend` = 1 ORDER BY `create_time` DESC LIMIT 8 [ RunTime:0.001434s ]
[2026-04-22T22:43:48+08:00][sql] SHOW FULL COLUMNS FROM `workflows` [ RunTime:0.006654s ]
[2026-04-22T22:43:48+08:00][sql] SELECT * FROM `workflows` WHERE  `status` = 2  AND `is_recommend` = 1 ORDER BY `create_time` DESC LIMIT 8 [ RunTime:0.001346s ]
[2026-04-22T22:43:48+08:00][sql] SELECT * FROM `prompts` WHERE  `status` = 2 ORDER BY `create_time` DESC LIMIT 12 [ RunTime:0.000376s ]
[2026-04-22T22:43:48+08:00][sql] SHOW FULL COLUMNS FROM `categories` [ RunTime:0.006222s ]
[2026-04-22T22:43:48+08:00][sql] SELECT * FROM `categories` WHERE  `type` = 1  AND `status` = 1 ORDER BY `sort` ASC [ RunTime:0.000979s ]
[2026-04-22T22:43:48+08:00][sql] SELECT * FROM `categories` WHERE  `type` = 2  AND `status` = 1 ORDER BY `sort` ASC [ RunTime:0.000431s ]
[2026-04-22T22:44:00+08:00][sql] CONNECT:[ UseTime:0.001141s ] mysql:host=127.0.0.1;port=3306;dbname=ai_prompt;charset=utf8mb4
[2026-04-22T22:44:00+08:00][sql] SHOW FULL COLUMNS FROM `categories` [ RunTime:0.004873s ]
[2026-04-22T22:44:00+08:00][sql] SELECT * FROM `categories` WHERE  `type` = 1  AND `status` = 1 ORDER BY `sort` ASC [ RunTime:0.000767s ]
[2026-04-22T22:44:00+08:00][sql] SHOW FULL COLUMNS FROM `prompts` [ RunTime:0.006661s ]
[2026-04-22T22:44:00+08:00][sql] SELECT COUNT(*) AS think_count FROM `prompts` WHERE  `status` = 2 ORDER BY `create_time` DESC LIMIT 1 [ RunTime:0.000489s ]
[2026-04-22T22:44:00+08:00][sql] SELECT * FROM `prompts` WHERE  `status` = 2 ORDER BY `create_time` DESC LIMIT 0,10 [ RunTime:0.000420s ]
[2026-04-22T22:45:04+08:00][sql] CONNECT:[ UseTime:0.022093s ] mysql:host=127.0.0.1;port=3306;dbname=ai_prompt;charset=utf8mb4
[2026-04-22T22:45:04+08:00][sql] SHOW FULL COLUMNS FROM `prompts` [ RunTime:0.011963s ]
[2026-04-22T22:45:04+08:00][sql] SELECT * FROM `prompts` WHERE  `status` = 2  AND `is_recommend` = 1 ORDER BY `create_time` DESC LIMIT 8 [ RunTime:0.001340s ]
[2026-04-22T22:45:04+08:00][sql] SHOW FULL COLUMNS FROM `workflows` [ RunTime:0.009298s ]
[2026-04-22T22:45:04+08:00][sql] SELECT * FROM `workflows` WHERE  `status` = 2  AND `is_recommend` = 1 ORDER BY `create_time` DESC LIMIT 8 [ RunTime:0.000977s ]
[2026-04-22T22:45:04+08:00][sql] SELECT * FROM `prompts` WHERE  `status` = 2 ORDER BY `create_time` DESC LIMIT 12 [ RunTime:0.000380s ]
[2026-04-22T22:45:04+08:00][sql] SHOW FULL COLUMNS FROM `categories` [ RunTime:0.006763s ]
[2026-04-22T22:45:04+08:00][sql] SELECT * FROM `categories` WHERE  `type` = 1  AND `status` = 1 ORDER BY `sort` ASC [ RunTime:0.000795s ]
[2026-04-22T22:45:04+08:00][sql] SELECT * FROM `categories` WHERE  `type` = 2  AND `status` = 1 ORDER BY `sort` ASC [ RunTime:0.000551s ]
[2026-04-22T22:45:05+08:00][sql] CONNECT:[ UseTime:0.001596s ] mysql:host=127.0.0.1;port=3306;dbname=ai_prompt;charset=utf8mb4
[2026-04-22T22:45:05+08:00][sql] SHOW FULL COLUMNS FROM `categories` [ RunTime:0.004931s ]
[2026-04-22T22:45:05+08:00][sql] SELECT * FROM `categories` WHERE  `type` = 1  AND `status` = 1 ORDER BY `sort` ASC [ RunTime:0.000360s ]
[2026-04-22T22:45:05+08:00][sql] SHOW FULL COLUMNS FROM `prompts` [ RunTime:0.005832s ]
[2026-04-22T22:45:05+08:00][sql] SELECT COUNT(*) AS think_count FROM `prompts` WHERE  `status` = 2 ORDER BY `create_time` DESC LIMIT 1 [ RunTime:0.000317s ]
[2026-04-22T22:45:05+08:00][sql] SELECT * FROM `prompts` WHERE  `status` = 2 ORDER BY `create_time` DESC LIMIT 0,10 [ RunTime:0.000228s ]
[2026-04-22T22:46:02+08:00][sql] CONNECT:[ UseTime:0.017635s ] mysql:host=127.0.0.1;port=3306;dbname=ai_prompt;charset=utf8mb4
[2026-04-22T22:46:02+08:00][sql] SHOW FULL COLUMNS FROM `categories` [ RunTime:0.003915s ]
[2026-04-22T22:46:02+08:00][sql] SELECT * FROM `categories` WHERE  `type` = 1  AND `status` = 1 ORDER BY `sort` ASC [ RunTime:0.000448s ]
[2026-04-22T22:46:02+08:00][sql] SHOW FULL COLUMNS FROM `prompts` [ RunTime:0.003622s ]
[2026-04-22T22:46:02+08:00][sql] SELECT COUNT(*) AS think_count FROM `prompts` WHERE  `status` = 2 ORDER BY `create_time` DESC LIMIT 1 [ RunTime:0.000366s ]
[2026-04-22T22:46:02+08:00][sql] SELECT * FROM `prompts` WHERE  `status` = 2 ORDER BY `create_time` DESC LIMIT 0,10 [ RunTime:0.000382s ]
[2026-04-22T22:46:04+08:00][sql] CONNECT:[ UseTime:0.001540s ] mysql:host=127.0.0.1;port=3306;dbname=ai_prompt;charset=utf8mb4
[2026-04-22T22:46:04+08:00][sql] SHOW FULL COLUMNS FROM `categories` [ RunTime:0.005809s ]
[2026-04-22T22:46:04+08:00][sql] SELECT * FROM `categories` WHERE  `type` = 2  AND `status` = 1 ORDER BY `sort` ASC [ RunTime:0.000666s ]
[2026-04-22T22:46:04+08:00][sql] SHOW FULL COLUMNS FROM `workflows` [ RunTime:0.006476s ]
[2026-04-22T22:46:04+08:00][sql] SELECT COUNT(*) AS think_count FROM `workflows` WHERE  `status` = 2 ORDER BY `create_time` DESC LIMIT 1 [ RunTime:0.000452s ]
[2026-04-22T22:46:04+08:00][sql] SELECT * FROM `workflows` WHERE  `status` = 2 ORDER BY `create_time` DESC LIMIT 0,10 [ RunTime:0.000496s ]
[2026-04-22T22:46:31+08:00][sql] CONNECT:[ UseTime:0.001977s ] mysql:host=127.0.0.1;port=3306;dbname=ai_prompt;charset=utf8mb4
[2026-04-22T22:46:31+08:00][sql] SHOW FULL COLUMNS FROM `categories` [ RunTime:0.003349s ]
[2026-04-22T22:46:31+08:00][sql] SELECT * FROM `categories` WHERE  `type` = 1  AND `status` = 1 ORDER BY `sort` ASC [ RunTime:0.000390s ]
[2026-04-22T22:46:31+08:00][sql] SHOW FULL COLUMNS FROM `prompts` [ RunTime:0.003412s ]
[2026-04-22T22:46:31+08:00][sql] SELECT COUNT(*) AS think_count FROM `prompts` WHERE  `status` = 2 ORDER BY `create_time` DESC LIMIT 1 [ RunTime:0.000361s ]
[2026-04-22T22:46:31+08:00][sql] SELECT * FROM `prompts` WHERE  `status` = 2 ORDER BY `create_time` DESC LIMIT 0,10 [ RunTime:0.000408s ]
[2026-04-22T22:47:30+08:00][sql] CONNECT:[ UseTime:0.001625s ] mysql:host=127.0.0.1;port=3306;dbname=ai_prompt;charset=utf8mb4
[2026-04-22T22:47:30+08:00][sql] SHOW FULL COLUMNS FROM `categories` [ RunTime:0.003596s ]
[2026-04-22T22:47:30+08:00][sql] SELECT * FROM `categories` WHERE  `type` = 1  AND `status` = 1 ORDER BY `sort` ASC [ RunTime:0.000430s ]
[2026-04-22T22:47:30+08:00][sql] SHOW FULL COLUMNS FROM `prompts` [ RunTime:0.006265s ]
[2026-04-22T22:47:30+08:00][sql] SELECT COUNT(*) AS think_count FROM `prompts` WHERE  `status` = 2 ORDER BY `create_time` DESC LIMIT 1 [ RunTime:0.000525s ]
[2026-04-22T22:47:30+08:00][sql] SELECT * FROM `prompts` WHERE  `status` = 2 ORDER BY `create_time` DESC LIMIT 0,10 [ RunTime:0.000529s ]
[2026-04-22T22:48:18+08:00][sql] CONNECT:[ UseTime:0.013379s ] mysql:host=127.0.0.1;port=3306;dbname=ai_prompt;charset=utf8mb4
[2026-04-22T22:48:18+08:00][sql] SHOW FULL COLUMNS FROM `categories` [ RunTime:0.004335s ]
[2026-04-22T22:48:18+08:00][sql] SELECT * FROM `categories` WHERE  `type` = 2  AND `status` = 1 ORDER BY `sort` ASC [ RunTime:0.000672s ]
[2026-04-22T22:48:18+08:00][sql] SHOW FULL COLUMNS FROM `workflows` [ RunTime:0.003658s ]
[2026-04-22T22:48:18+08:00][sql] SELECT COUNT(*) AS think_count FROM `workflows` WHERE  `status` = 2 ORDER BY `create_time` DESC LIMIT 1 [ RunTime:0.000392s ]
[2026-04-22T22:48:18+08:00][sql] SELECT * FROM `workflows` WHERE  `status` = 2 ORDER BY `create_time` DESC LIMIT 0,10 [ RunTime:0.000429s ]
[2026-04-22T23:10:15+08:00][sql] CONNECT:[ UseTime:0.017346s ] mysql:host=127.0.0.1;port=3306;dbname=ai_prompt;charset=utf8mb4
[2026-04-22T23:10:15+08:00][sql] SHOW FULL COLUMNS FROM `categories` [ RunTime:0.003749s ]
[2026-04-22T23:10:15+08:00][sql] SELECT * FROM `categories` WHERE  `type` = 1  AND `status` = 1 ORDER BY `sort` ASC [ RunTime:0.000427s ]
[2026-04-22T23:10:15+08:00][sql] SHOW FULL COLUMNS FROM `prompts` [ RunTime:0.004576s ]
[2026-04-22T23:10:15+08:00][sql] SELECT COUNT(*) AS think_count FROM `prompts` WHERE  `status` = 2 ORDER BY `create_time` DESC LIMIT 1 [ RunTime:0.000564s ]
[2026-04-22T23:10:15+08:00][sql] SELECT * FROM `prompts` WHERE  `status` = 2 ORDER BY `create_time` DESC LIMIT 0,10 [ RunTime:0.000478s ]
[2026-04-22T23:10:18+08:00][sql] CONNECT:[ UseTime:0.026069s ] mysql:host=127.0.0.1;port=3306;dbname=ai_prompt;charset=utf8mb4
[2026-04-22T23:10:18+08:00][sql] SHOW FULL COLUMNS FROM `categories` [ RunTime:0.005715s ]
[2026-04-22T23:10:18+08:00][sql] SELECT * FROM `categories` WHERE  `type` = 1  AND `status` = 1 ORDER BY `sort` ASC [ RunTime:0.000536s ]
[2026-04-22T23:10:18+08:00][sql] SHOW FULL COLUMNS FROM `prompts` [ RunTime:0.003756s ]
[2026-04-22T23:10:18+08:00][sql] SELECT COUNT(*) AS think_count FROM `prompts` WHERE  `status` = 2  AND `category_id` = 1 ORDER BY `create_time` DESC LIMIT 1 [ RunTime:0.000968s ]
[2026-04-22T23:10:18+08:00][sql] SELECT * FROM `prompts` WHERE  `status` = 2  AND `category_id` = 1 ORDER BY `create_time` DESC LIMIT 0,10 [ RunTime:0.000583s ]
[2026-04-22T23:10:19+08:00][sql] CONNECT:[ UseTime:0.017247s ] mysql:host=127.0.0.1;port=3306;dbname=ai_prompt;charset=utf8mb4
[2026-04-22T23:10:19+08:00][sql] SHOW FULL COLUMNS FROM `categories` [ RunTime:0.004008s ]
[2026-04-22T23:10:19+08:00][sql] SELECT * FROM `categories` WHERE  `type` = 1  AND `status` = 1 ORDER BY `sort` ASC [ RunTime:0.000441s ]
[2026-04-22T23:10:19+08:00][sql] SHOW FULL COLUMNS FROM `prompts` [ RunTime:0.003526s ]
[2026-04-22T23:10:19+08:00][sql] SELECT COUNT(*) AS think_count FROM `prompts` WHERE  `status` = 2  AND `category_id` = 2 ORDER BY `create_time` DESC LIMIT 1 [ RunTime:0.000385s ]
[2026-04-22T23:10:19+08:00][sql] SELECT * FROM `prompts` WHERE  `status` = 2  AND `category_id` = 2 ORDER BY `create_time` DESC LIMIT 0,10 [ RunTime:0.000669s ]
[2026-04-22T23:10:19+08:00][sql] CONNECT:[ UseTime:0.019522s ] mysql:host=127.0.0.1;port=3306;dbname=ai_prompt;charset=utf8mb4
[2026-04-22T23:10:19+08:00][sql] SHOW FULL COLUMNS FROM `categories` [ RunTime:0.004248s ]
[2026-04-22T23:10:19+08:00][sql] SELECT * FROM `categories` WHERE  `type` = 1  AND `status` = 1 ORDER BY `sort` ASC [ RunTime:0.000459s ]
[2026-04-22T23:10:19+08:00][sql] SHOW FULL COLUMNS FROM `prompts` [ RunTime:0.005266s ]
[2026-04-22T23:10:19+08:00][sql] SELECT COUNT(*) AS think_count FROM `prompts` WHERE  `status` = 2  AND `category_id` = 3 ORDER BY `create_time` DESC LIMIT 1 [ RunTime:0.000642s ]
[2026-04-22T23:10:19+08:00][sql] SELECT * FROM `prompts` WHERE  `status` = 2  AND `category_id` = 3 ORDER BY `create_time` DESC LIMIT 0,10 [ RunTime:0.000590s ]
[2026-04-22T23:10:20+08:00][sql] CONNECT:[ UseTime:0.013762s ] mysql:host=127.0.0.1;port=3306;dbname=ai_prompt;charset=utf8mb4
[2026-04-22T23:10:20+08:00][sql] SHOW FULL COLUMNS FROM `categories` [ RunTime:0.004157s ]
[2026-04-22T23:10:20+08:00][sql] SELECT * FROM `categories` WHERE  `type` = 1  AND `status` = 1 ORDER BY `sort` ASC [ RunTime:0.000602s ]
[2026-04-22T23:10:20+08:00][sql] SHOW FULL COLUMNS FROM `prompts` [ RunTime:0.004331s ]
[2026-04-22T23:10:20+08:00][sql] SELECT COUNT(*) AS think_count FROM `prompts` WHERE  `status` = 2  AND `category_id` = 5 ORDER BY `create_time` DESC LIMIT 1 [ RunTime:0.000490s ]
[2026-04-22T23:10:20+08:00][sql] SELECT * FROM `prompts` WHERE  `status` = 2  AND `category_id` = 5 ORDER BY `create_time` DESC LIMIT 0,10 [ RunTime:0.000391s ]
[2026-04-22T23:10:21+08:00][sql] CONNECT:[ UseTime:0.023640s ] mysql:host=127.0.0.1;port=3306;dbname=ai_prompt;charset=utf8mb4
[2026-04-22T23:10:21+08:00][sql] SHOW FULL COLUMNS FROM `categories` [ RunTime:0.003702s ]
[2026-04-22T23:10:21+08:00][sql] SELECT * FROM `categories` WHERE  `type` = 1  AND `status` = 1 ORDER BY `sort` ASC [ RunTime:0.000351s ]
[2026-04-22T23:10:21+08:00][sql] SHOW FULL COLUMNS FROM `prompts` [ RunTime:0.004286s ]
[2026-04-22T23:10:21+08:00][sql] SELECT COUNT(*) AS think_count FROM `prompts` WHERE  `status` = 2  AND `category_id` = 4 ORDER BY `create_time` DESC LIMIT 1 [ RunTime:0.000816s ]
[2026-04-22T23:10:21+08:00][sql] SELECT * FROM `prompts` WHERE  `status` = 2  AND `category_id` = 4 ORDER BY `create_time` DESC LIMIT 0,10 [ RunTime:0.000518s ]
[2026-04-22T23:10:21+08:00][sql] CONNECT:[ UseTime:0.001214s ] mysql:host=127.0.0.1;port=3306;dbname=ai_prompt;charset=utf8mb4
[2026-04-22T23:10:21+08:00][sql] SHOW FULL COLUMNS FROM `categories` [ RunTime:0.003988s ]
[2026-04-22T23:10:21+08:00][sql] SELECT * FROM `categories` WHERE  `type` = 1  AND `status` = 1 ORDER BY `sort` ASC [ RunTime:0.000396s ]
[2026-04-22T23:10:21+08:00][sql] SHOW FULL COLUMNS FROM `prompts` [ RunTime:0.003541s ]
[2026-04-22T23:10:21+08:00][sql] SELECT COUNT(*) AS think_count FROM `prompts` WHERE  `status` = 2  AND `category_id` = 6 ORDER BY `create_time` DESC LIMIT 1 [ RunTime:0.000314s ]
[2026-04-22T23:10:21+08:00][sql] SELECT * FROM `prompts` WHERE  `status` = 2  AND `category_id` = 6 ORDER BY `create_time` DESC LIMIT 0,10 [ RunTime:0.000286s ]
[2026-04-22T23:10:23+08:00][sql] CONNECT:[ UseTime:0.019369s ] mysql:host=127.0.0.1;port=3306;dbname=ai_prompt;charset=utf8mb4
[2026-04-22T23:10:23+08:00][sql] SHOW FULL COLUMNS FROM `categories` [ RunTime:0.003724s ]
[2026-04-22T23:10:23+08:00][sql] SELECT * FROM `categories` WHERE  `type` = 1  AND `status` = 1 ORDER BY `sort` ASC [ RunTime:0.000475s ]
[2026-04-22T23:10:23+08:00][sql] SHOW FULL COLUMNS FROM `prompts` [ RunTime:0.003498s ]
[2026-04-22T23:10:23+08:00][sql] SELECT COUNT(*) AS think_count FROM `prompts` WHERE  `status` = 2  AND `category_id` = 6 ORDER BY `view_count` DESC LIMIT 1 [ RunTime:0.000369s ]
[2026-04-22T23:10:23+08:00][sql] SELECT * FROM `prompts` WHERE  `status` = 2  AND `category_id` = 6 ORDER BY `view_count` DESC LIMIT 0,10 [ RunTime:0.000445s ]
[2026-04-22T23:10:23+08:00][sql] CONNECT:[ UseTime:0.001114s ] mysql:host=127.0.0.1;port=3306;dbname=ai_prompt;charset=utf8mb4
[2026-04-22T23:10:23+08:00][sql] SHOW FULL COLUMNS FROM `categories` [ RunTime:0.007039s ]
[2026-04-22T23:10:23+08:00][sql] SELECT * FROM `categories` WHERE  `type` = 1  AND `status` = 1 ORDER BY `sort` ASC [ RunTime:0.000339s ]
[2026-04-22T23:10:23+08:00][sql] SHOW FULL COLUMNS FROM `prompts` [ RunTime:0.003527s ]
[2026-04-22T23:10:23+08:00][sql] SELECT COUNT(*) AS think_count FROM `prompts` WHERE  `status` = 2  AND `category_id` = 4 ORDER BY `create_time` DESC LIMIT 1 [ RunTime:0.000239s ]
[2026-04-22T23:10:23+08:00][sql] SELECT * FROM `prompts` WHERE  `status` = 2  AND `category_id` = 4 ORDER BY `create_time` DESC LIMIT 0,10 [ RunTime:0.000247s ]
[2026-04-22T23:10:25+08:00][sql] CONNECT:[ UseTime:0.017381s ] mysql:host=127.0.0.1;port=3306;dbname=ai_prompt;charset=utf8mb4
[2026-04-22T23:10:25+08:00][sql] SHOW FULL COLUMNS FROM `categories` [ RunTime:0.001221s ]
[2026-04-22T23:10:25+08:00][sql] SELECT * FROM `categories` WHERE  `type` = 2  AND `status` = 1 ORDER BY `sort` ASC [ RunTime:0.000358s ]
[2026-04-22T23:10:25+08:00][sql] SHOW FULL COLUMNS FROM `workflows` [ RunTime:0.000627s ]
[2026-04-22T23:10:25+08:00][sql] SELECT COUNT(*) AS think_count FROM `workflows` WHERE  `status` = 2 ORDER BY `create_time` DESC LIMIT 1 [ RunTime:0.000220s ]
[2026-04-22T23:10:25+08:00][sql] SELECT * FROM `workflows` WHERE  `status` = 2 ORDER BY `create_time` DESC LIMIT 0,10 [ RunTime:0.000279s ]
[2026-04-22T23:10:28+08:00][sql] CONNECT:[ UseTime:0.001046s ] mysql:host=127.0.0.1;port=3306;dbname=ai_prompt;charset=utf8mb4
[2026-04-22T23:10:28+08:00][sql] SHOW FULL COLUMNS FROM `categories` [ RunTime:0.001260s ]
[2026-04-22T23:10:28+08:00][sql] SELECT * FROM `categories` WHERE  `type` = 2  AND `status` = 1 ORDER BY `sort` ASC [ RunTime:0.000505s ]
[2026-04-22T23:10:28+08:00][sql] SHOW FULL COLUMNS FROM `workflows` [ RunTime:0.003607s ]
[2026-04-22T23:10:28+08:00][sql] SELECT COUNT(*) AS think_count FROM `workflows` WHERE  `status` = 2  AND `category_id` = 9 ORDER BY `create_time` DESC LIMIT 1 [ RunTime:0.000988s ]
[2026-04-22T23:10:28+08:00][sql] SELECT * FROM `workflows` WHERE  `status` = 2  AND `category_id` = 9 ORDER BY `create_time` DESC LIMIT 0,10 [ RunTime:0.000645s ]
[2026-04-22T23:10:29+08:00][sql] CONNECT:[ UseTime:0.001580s ] mysql:host=127.0.0.1;port=3306;dbname=ai_prompt;charset=utf8mb4
[2026-04-22T23:10:29+08:00][sql] SHOW FULL COLUMNS FROM `categories` [ RunTime:0.000876s ]
[2026-04-22T23:10:29+08:00][sql] SELECT * FROM `categories` WHERE  `type` = 2  AND `status` = 1 ORDER BY `sort` ASC [ RunTime:0.000379s ]
[2026-04-22T23:10:29+08:00][sql] SHOW FULL COLUMNS FROM `workflows` [ RunTime:0.004308s ]
[2026-04-22T23:10:29+08:00][sql] SELECT COUNT(*) AS think_count FROM `workflows` WHERE  `status` = 2 ORDER BY `create_time` DESC LIMIT 1 [ RunTime:0.000609s ]
[2026-04-22T23:10:29+08:00][sql] SELECT * FROM `workflows` WHERE  `status` = 2 ORDER BY `create_time` DESC LIMIT 0,10 [ RunTime:0.000398s ]
[2026-04-22T23:10:31+08:00][sql] CONNECT:[ UseTime:0.019483s ] mysql:host=127.0.0.1;port=3306;dbname=ai_prompt;charset=utf8mb4
[2026-04-22T23:10:31+08:00][sql] SHOW FULL COLUMNS FROM `categories` [ RunTime:0.003047s ]
[2026-04-22T23:10:31+08:00][sql] SELECT * FROM `categories` WHERE  `type` = 2  AND `status` = 1 ORDER BY `sort` ASC [ RunTime:0.001597s ]
[2026-04-22T23:10:31+08:00][sql] SHOW FULL COLUMNS FROM `workflows` [ RunTime:0.003187s ]
[2026-04-22T23:10:31+08:00][sql] SELECT COUNT(*) AS think_count FROM `workflows` WHERE  `status` = 2 ORDER BY `create_time` DESC LIMIT 1 [ RunTime:0.001341s ]
[2026-04-22T23:10:31+08:00][sql] SELECT * FROM `workflows` WHERE  `status` = 2 ORDER BY `create_time` DESC LIMIT 0,10 [ RunTime:0.001141s ]
[2026-04-22T23:10:32+08:00][sql] CONNECT:[ UseTime:0.021440s ] mysql:host=127.0.0.1;port=3306;dbname=ai_prompt;charset=utf8mb4
[2026-04-22T23:10:32+08:00][sql] SHOW FULL COLUMNS FROM `categories` [ RunTime:0.001271s ]
[2026-04-22T23:10:32+08:00][sql] SELECT * FROM `categories` WHERE  `type` = 2  AND `status` = 1 ORDER BY `sort` ASC [ RunTime:0.000598s ]
[2026-04-22T23:10:32+08:00][sql] SHOW FULL COLUMNS FROM `workflows` [ RunTime:0.007484s ]
[2026-04-22T23:10:32+08:00][sql] SELECT COUNT(*) AS think_count FROM `workflows` WHERE  `status` = 2 ORDER BY `create_time` DESC LIMIT 1 [ RunTime:0.000582s ]
[2026-04-22T23:10:32+08:00][sql] SELECT * FROM `workflows` WHERE  `status` = 2 ORDER BY `create_time` DESC LIMIT 0,10 [ RunTime:0.000399s ]
[2026-04-22T23:10:32+08:00][sql] CONNECT:[ UseTime:0.001957s ] mysql:host=127.0.0.1;port=3306;dbname=ai_prompt;charset=utf8mb4
[2026-04-22T23:10:32+08:00][sql] SHOW FULL COLUMNS FROM `categories` [ RunTime:0.000847s ]
[2026-04-22T23:10:32+08:00][sql] SELECT * FROM `categories` WHERE  `type` = 2  AND `status` = 1 ORDER BY `sort` ASC [ RunTime:0.000425s ]
[2026-04-22T23:10:32+08:00][sql] SHOW FULL COLUMNS FROM `workflows` [ RunTime:0.004077s ]
[2026-04-22T23:10:32+08:00][sql] SELECT COUNT(*) AS think_count FROM `workflows` WHERE  `status` = 2 ORDER BY `create_time` DESC LIMIT 1 [ RunTime:0.000423s ]
[2026-04-22T23:10:32+08:00][sql] SELECT * FROM `workflows` WHERE  `status` = 2 ORDER BY `create_time` DESC LIMIT 0,10 [ RunTime:0.000434s ]
[2026-04-22T23:10:33+08:00][sql] CONNECT:[ UseTime:0.024534s ] mysql:host=127.0.0.1;port=3306;dbname=ai_prompt;charset=utf8mb4
[2026-04-22T23:10:33+08:00][sql] SHOW FULL COLUMNS FROM `categories` [ RunTime:0.000910s ]
[2026-04-22T23:10:33+08:00][sql] SELECT * FROM `categories` WHERE  `type` = 2  AND `status` = 1 ORDER BY `sort` ASC [ RunTime:0.000627s ]
[2026-04-22T23:10:33+08:00][sql] SHOW FULL COLUMNS FROM `workflows` [ RunTime:0.001452s ]
[2026-04-22T23:10:33+08:00][sql] SELECT COUNT(*) AS think_count FROM `workflows` WHERE  `status` = 2 ORDER BY `create_time` DESC LIMIT 1 [ RunTime:0.000549s ]
[2026-04-22T23:10:33+08:00][sql] SELECT * FROM `workflows` WHERE  `status` = 2 ORDER BY `create_time` DESC LIMIT 0,10 [ RunTime:0.000397s ]
[2026-04-22T23:10:34+08:00][sql] CONNECT:[ UseTime:0.001091s ] mysql:host=127.0.0.1;port=3306;dbname=ai_prompt;charset=utf8mb4
[2026-04-22T23:10:34+08:00][sql] SHOW FULL COLUMNS FROM `categories` [ RunTime:0.000787s ]
[2026-04-22T23:10:34+08:00][sql] SELECT * FROM `categories` WHERE  `type` = 2  AND `status` = 1 ORDER BY `sort` ASC [ RunTime:0.000439s ]
[2026-04-22T23:10:34+08:00][sql] SHOW FULL COLUMNS FROM `workflows` [ RunTime:0.005685s ]
[2026-04-22T23:10:34+08:00][sql] SELECT COUNT(*) AS think_count FROM `workflows` WHERE  `status` = 2 ORDER BY `create_time` DESC LIMIT 1 [ RunTime:0.000454s ]
[2026-04-22T23:10:34+08:00][sql] SELECT * FROM `workflows` WHERE  `status` = 2 ORDER BY `create_time` DESC LIMIT 0,10 [ RunTime:0.000407s ]
[2026-04-22T23:10:42+08:00][sql] CONNECT:[ UseTime:0.001158s ] mysql:host=127.0.0.1;port=3306;dbname=ai_prompt;charset=utf8mb4
[2026-04-22T23:10:42+08:00][sql] SHOW FULL COLUMNS FROM `categories` [ RunTime:0.000788s ]
[2026-04-22T23:10:42+08:00][sql] SELECT * FROM `categories` WHERE  `type` = 1  AND `status` = 1 ORDER BY `sort` ASC [ RunTime:0.000438s ]
[2026-04-22T23:10:42+08:00][sql] SHOW FULL COLUMNS FROM `prompts` [ RunTime:0.001193s ]
[2026-04-22T23:10:42+08:00][sql] SELECT COUNT(*) AS think_count FROM `prompts` WHERE  `status` = 2 ORDER BY `create_time` DESC LIMIT 1 [ RunTime:0.000517s ]
[2026-04-22T23:10:42+08:00][sql] SELECT * FROM `prompts` WHERE  `status` = 2 ORDER BY `create_time` DESC LIMIT 0,10 [ RunTime:0.000387s ]
[2026-04-22T23:10:44+08:00][sql] CONNECT:[ UseTime:0.002104s ] mysql:host=127.0.0.1;port=3306;dbname=ai_prompt;charset=utf8mb4
[2026-04-22T23:10:44+08:00][sql] SHOW FULL COLUMNS FROM `categories` [ RunTime:0.000811s ]
[2026-04-22T23:10:44+08:00][sql] SELECT * FROM `categories` WHERE  `type` = 1  AND `status` = 1 ORDER BY `sort` ASC [ RunTime:0.000414s ]
[2026-04-22T23:10:44+08:00][sql] SHOW FULL COLUMNS FROM `prompts` [ RunTime:0.000861s ]
[2026-04-22T23:10:44+08:00][sql] SELECT COUNT(*) AS think_count FROM `prompts` WHERE  `status` = 2 ORDER BY `create_time` DESC LIMIT 1 [ RunTime:0.000351s ]
[2026-04-22T23:10:44+08:00][sql] SELECT * FROM `prompts` WHERE  `status` = 2 ORDER BY `create_time` DESC LIMIT 0,10 [ RunTime:0.000367s ]
[2026-04-22T23:10:46+08:00][sql] CONNECT:[ UseTime:0.023516s ] mysql:host=127.0.0.1;port=3306;dbname=ai_prompt;charset=utf8mb4
[2026-04-22T23:10:46+08:00][sql] SHOW FULL COLUMNS FROM `categories` [ RunTime:0.000795s ]
[2026-04-22T23:10:46+08:00][sql] SELECT * FROM `categories` WHERE  `type` = 1  AND `status` = 1 ORDER BY `sort` ASC [ RunTime:0.000426s ]
[2026-04-22T23:10:46+08:00][sql] SHOW FULL COLUMNS FROM `prompts` [ RunTime:0.000683s ]
[2026-04-22T23:10:46+08:00][sql] SELECT COUNT(*) AS think_count FROM `prompts` WHERE  `status` = 2 ORDER BY `create_time` DESC LIMIT 1 [ RunTime:0.000310s ]
[2026-04-22T23:10:46+08:00][sql] SELECT * FROM `prompts` WHERE  `status` = 2 ORDER BY `create_time` DESC LIMIT 0,10 [ RunTime:0.000340s ]
[2026-04-22T23:10:46+08:00][sql] CONNECT:[ UseTime:0.015955s ] mysql:host=127.0.0.1;port=3306;dbname=ai_prompt;charset=utf8mb4
[2026-04-22T23:10:46+08:00][sql] SHOW FULL COLUMNS FROM `categories` [ RunTime:0.000979s ]
[2026-04-22T23:10:46+08:00][sql] SELECT * FROM `categories` WHERE  `type` = 1  AND `status` = 1 ORDER BY `sort` ASC [ RunTime:0.000416s ]
[2026-04-22T23:10:46+08:00][sql] SHOW FULL COLUMNS FROM `prompts` [ RunTime:0.000756s ]
[2026-04-22T23:10:46+08:00][sql] SELECT COUNT(*) AS think_count FROM `prompts` WHERE  `status` = 2 ORDER BY `create_time` DESC LIMIT 1 [ RunTime:0.000383s ]
[2026-04-22T23:10:46+08:00][sql] SELECT * FROM `prompts` WHERE  `status` = 2 ORDER BY `create_time` DESC LIMIT 0,10 [ RunTime:0.000389s ]
[2026-04-22T23:10:46+08:00][sql] CONNECT:[ UseTime:0.001258s ] mysql:host=127.0.0.1;port=3306;dbname=ai_prompt;charset=utf8mb4
[2026-04-22T23:10:46+08:00][sql] SHOW FULL COLUMNS FROM `categories` [ RunTime:0.000719s ]
[2026-04-22T23:10:46+08:00][sql] SELECT * FROM `categories` WHERE  `type` = 1  AND `status` = 1 ORDER BY `sort` ASC [ RunTime:0.000721s ]
[2026-04-22T23:10:46+08:00][sql] SHOW FULL COLUMNS FROM `prompts` [ RunTime:0.000849s ]
[2026-04-22T23:10:46+08:00][sql] SELECT COUNT(*) AS think_count FROM `prompts` WHERE  `status` = 2 ORDER BY `create_time` DESC LIMIT 1 [ RunTime:0.000290s ]
[2026-04-22T23:10:46+08:00][sql] SELECT * FROM `prompts` WHERE  `status` = 2 ORDER BY `create_time` DESC LIMIT 0,10 [ RunTime:0.000349s ]
[2026-04-22T23:10:47+08:00][sql] CONNECT:[ UseTime:0.001964s ] mysql:host=127.0.0.1;port=3306;dbname=ai_prompt;charset=utf8mb4
[2026-04-22T23:10:47+08:00][sql] SHOW FULL COLUMNS FROM `categories` [ RunTime:0.000822s ]
[2026-04-22T23:10:47+08:00][sql] SELECT * FROM `categories` WHERE  `type` = 1  AND `status` = 1 ORDER BY `sort` ASC [ RunTime:0.000628s ]
[2026-04-22T23:10:47+08:00][sql] SHOW FULL COLUMNS FROM `prompts` [ RunTime:0.000768s ]
[2026-04-22T23:10:47+08:00][sql] SELECT COUNT(*) AS think_count FROM `prompts` WHERE  `status` = 2 ORDER BY `create_time` DESC LIMIT 1 [ RunTime:0.000304s ]
[2026-04-22T23:10:47+08:00][sql] SELECT * FROM `prompts` WHERE  `status` = 2 ORDER BY `create_time` DESC LIMIT 0,10 [ RunTime:0.000313s ]
[2026-04-22T23:10:48+08:00][sql] CONNECT:[ UseTime:0.001101s ] mysql:host=127.0.0.1;port=3306;dbname=ai_prompt;charset=utf8mb4
[2026-04-22T23:10:48+08:00][sql] SHOW FULL COLUMNS FROM `categories` [ RunTime:0.000774s ]
[2026-04-22T23:10:48+08:00][sql] SELECT * FROM `categories` WHERE  `type` = 1  AND `status` = 1 ORDER BY `sort` ASC [ RunTime:0.000408s ]
[2026-04-22T23:10:48+08:00][sql] SHOW FULL COLUMNS FROM `prompts` [ RunTime:0.001337s ]
[2026-04-22T23:10:48+08:00][sql] SELECT COUNT(*) AS think_count FROM `prompts` WHERE  `status` = 2 ORDER BY `view_count` DESC LIMIT 1 [ RunTime:0.000602s ]
[2026-04-22T23:10:48+08:00][sql] SELECT * FROM `prompts` WHERE  `status` = 2 ORDER BY `view_count` DESC LIMIT 0,10 [ RunTime:0.000742s ]
[2026-04-22T23:10:50+08:00][sql] CONNECT:[ UseTime:0.001298s ] mysql:host=127.0.0.1;port=3306;dbname=ai_prompt;charset=utf8mb4
[2026-04-22T23:10:50+08:00][sql] SHOW FULL COLUMNS FROM `categories` [ RunTime:0.000686s ]
[2026-04-22T23:10:50+08:00][sql] SELECT * FROM `categories` WHERE  `type` = 1  AND `status` = 1 ORDER BY `sort` ASC [ RunTime:0.000317s ]
[2026-04-22T23:10:50+08:00][sql] SHOW FULL COLUMNS FROM `prompts` [ RunTime:0.001633s ]
[2026-04-22T23:10:50+08:00][sql] SELECT COUNT(*) AS think_count FROM `prompts` WHERE  `status` = 2 ORDER BY `like_count` DESC LIMIT 1 [ RunTime:0.000433s ]
[2026-04-22T23:10:50+08:00][sql] SELECT * FROM `prompts` WHERE  `status` = 2 ORDER BY `like_count` DESC LIMIT 0,10 [ RunTime:0.000303s ]
[2026-04-22T23:10:51+08:00][sql] CONNECT:[ UseTime:0.001193s ] mysql:host=127.0.0.1;port=3306;dbname=ai_prompt;charset=utf8mb4
[2026-04-22T23:10:51+08:00][sql] SHOW FULL COLUMNS FROM `categories` [ RunTime:0.000655s ]
[2026-04-22T23:10:51+08:00][sql] SELECT * FROM `categories` WHERE  `type` = 1  AND `status` = 1 ORDER BY `sort` ASC [ RunTime:0.000276s ]
[2026-04-22T23:10:51+08:00][sql] SHOW FULL COLUMNS FROM `prompts` [ RunTime:0.000968s ]
[2026-04-22T23:10:51+08:00][sql] SELECT COUNT(*) AS think_count FROM `prompts` WHERE  `status` = 2  AND `category_id` = 1 ORDER BY `create_time` DESC LIMIT 1 [ RunTime:0.000458s ]
[2026-04-22T23:10:51+08:00][sql] SELECT * FROM `prompts` WHERE  `status` = 2  AND `category_id` = 1 ORDER BY `create_time` DESC LIMIT 0,10 [ RunTime:0.000455s ]
[2026-04-22T23:10:52+08:00][sql] CONNECT:[ UseTime:0.023455s ] mysql:host=127.0.0.1;port=3306;dbname=ai_prompt;charset=utf8mb4
[2026-04-22T23:10:52+08:00][sql] SHOW FULL COLUMNS FROM `categories` [ RunTime:0.001089s ]
[2026-04-22T23:10:52+08:00][sql] SELECT * FROM `categories` WHERE  `type` = 1  AND `status` = 1 ORDER BY `sort` ASC [ RunTime:0.000395s ]
[2026-04-22T23:10:52+08:00][sql] SHOW FULL COLUMNS FROM `prompts` [ RunTime:0.000691s ]
[2026-04-22T23:10:52+08:00][sql] SELECT COUNT(*) AS think_count FROM `prompts` WHERE  `status` = 2  AND `category_id` = 2 ORDER BY `create_time` DESC LIMIT 1 [ RunTime:0.000367s ]
[2026-04-22T23:10:52+08:00][sql] SELECT * FROM `prompts` WHERE  `status` = 2  AND `category_id` = 2 ORDER BY `create_time` DESC LIMIT 0,10 [ RunTime:0.000291s ]
[2026-04-22T23:10:53+08:00][sql] CONNECT:[ UseTime:0.019322s ] mysql:host=127.0.0.1;port=3306;dbname=ai_prompt;charset=utf8mb4
[2026-04-22T23:10:53+08:00][sql] SHOW FULL COLUMNS FROM `categories` [ RunTime:0.000824s ]
[2026-04-22T23:10:53+08:00][sql] SELECT * FROM `categories` WHERE  `type` = 1  AND `status` = 1 ORDER BY `sort` ASC [ RunTime:0.000403s ]
[2026-04-22T23:10:53+08:00][sql] SHOW FULL COLUMNS FROM `prompts` [ RunTime:0.000739s ]
[2026-04-22T23:10:53+08:00][sql] SELECT COUNT(*) AS think_count FROM `prompts` WHERE  `status` = 2 ORDER BY `create_time` DESC LIMIT 1 [ RunTime:0.000318s ]
[2026-04-22T23:10:53+08:00][sql] SELECT * FROM `prompts` WHERE  `status` = 2 ORDER BY `create_time` DESC LIMIT 0,10 [ RunTime:0.000403s ]
[2026-04-22T23:10:54+08:00][sql] CONNECT:[ UseTime:0.012267s ] mysql:host=127.0.0.1;port=3306;dbname=ai_prompt;charset=utf8mb4
[2026-04-22T23:10:54+08:00][sql] SHOW FULL COLUMNS FROM `categories` [ RunTime:0.000973s ]
[2026-04-22T23:10:54+08:00][sql] SELECT * FROM `categories` WHERE  `type` = 1  AND `status` = 1 ORDER BY `sort` ASC [ RunTime:0.000550s ]
[2026-04-22T23:10:54+08:00][sql] SHOW FULL COLUMNS FROM `prompts` [ RunTime:0.005300s ]
[2026-04-22T23:10:54+08:00][sql] SELECT COUNT(*) AS think_count FROM `prompts` WHERE  `status` = 2 ORDER BY `create_time` DESC LIMIT 1 [ RunTime:0.000413s ]
[2026-04-22T23:10:54+08:00][sql] SELECT * FROM `prompts` WHERE  `status` = 2 ORDER BY `create_time` DESC LIMIT 0,10 [ RunTime:0.000378s ]
[2026-04-22T23:10:54+08:00][sql] CONNECT:[ UseTime:0.012833s ] mysql:host=127.0.0.1;port=3306;dbname=ai_prompt;charset=utf8mb4
[2026-04-22T23:10:54+08:00][sql] SHOW FULL COLUMNS FROM `categories` [ RunTime:0.000969s ]
[2026-04-22T23:10:54+08:00][sql] SELECT * FROM `categories` WHERE  `type` = 1  AND `status` = 1 ORDER BY `sort` ASC [ RunTime:0.000443s ]
[2026-04-22T23:10:54+08:00][sql] SHOW FULL COLUMNS FROM `prompts` [ RunTime:0.000804s ]
[2026-04-22T23:10:54+08:00][sql] SELECT COUNT(*) AS think_count FROM `prompts` WHERE  `status` = 2 ORDER BY `create_time` DESC LIMIT 1 [ RunTime:0.000467s ]
[2026-04-22T23:10:54+08:00][sql] SELECT * FROM `prompts` WHERE  `status` = 2 ORDER BY `create_time` DESC LIMIT 0,10 [ RunTime:0.000566s ]
[2026-04-22T23:10:55+08:00][sql] CONNECT:[ UseTime:0.001102s ] mysql:host=127.0.0.1;port=3306;dbname=ai_prompt;charset=utf8mb4
[2026-04-22T23:10:55+08:00][sql] SHOW FULL COLUMNS FROM `categories` [ RunTime:0.001319s ]
[2026-04-22T23:10:55+08:00][sql] SELECT * FROM `categories` WHERE  `type` = 1  AND `status` = 1 ORDER BY `sort` ASC [ RunTime:0.000738s ]
[2026-04-22T23:10:55+08:00][sql] SHOW FULL COLUMNS FROM `prompts` [ RunTime:0.000897s ]
[2026-04-22T23:10:55+08:00][sql] SELECT COUNT(*) AS think_count FROM `prompts` WHERE  `status` = 2 ORDER BY `create_time` DESC LIMIT 1 [ RunTime:0.000545s ]
[2026-04-22T23:10:55+08:00][sql] SELECT * FROM `prompts` WHERE  `status` = 2 ORDER BY `create_time` DESC LIMIT 0,10 [ RunTime:0.000467s ]
[2026-04-22T23:10:55+08:00][sql] CONNECT:[ UseTime:0.020281s ] mysql:host=127.0.0.1;port=3306;dbname=ai_prompt;charset=utf8mb4
[2026-04-22T23:10:55+08:00][sql] SHOW FULL COLUMNS FROM `categories` [ RunTime:0.000883s ]
[2026-04-22T23:10:55+08:00][sql] SELECT * FROM `categories` WHERE  `type` = 1  AND `status` = 1 ORDER BY `sort` ASC [ RunTime:0.000507s ]
[2026-04-22T23:10:55+08:00][sql] SHOW FULL COLUMNS FROM `prompts` [ RunTime:0.005145s ]
[2026-04-22T23:10:55+08:00][sql] SELECT COUNT(*) AS think_count FROM `prompts` WHERE  `status` = 2 ORDER BY `create_time` DESC LIMIT 1 [ RunTime:0.000397s ]
[2026-04-22T23:10:55+08:00][sql] SELECT * FROM `prompts` WHERE  `status` = 2 ORDER BY `create_time` DESC LIMIT 0,10 [ RunTime:0.000544s ]
[2026-04-22T23:10:55+08:00][sql] CONNECT:[ UseTime:0.016889s ] mysql:host=127.0.0.1;port=3306;dbname=ai_prompt;charset=utf8mb4
[2026-04-22T23:10:55+08:00][sql] SHOW FULL COLUMNS FROM `categories` [ RunTime:0.001111s ]
[2026-04-22T23:10:55+08:00][sql] SELECT * FROM `categories` WHERE  `type` = 1  AND `status` = 1 ORDER BY `sort` ASC [ RunTime:0.000535s ]
[2026-04-22T23:10:55+08:00][sql] SHOW FULL COLUMNS FROM `prompts` [ RunTime:0.000638s ]
[2026-04-22T23:10:55+08:00][sql] SELECT COUNT(*) AS think_count FROM `prompts` WHERE  `status` = 2 ORDER BY `create_time` DESC LIMIT 1 [ RunTime:0.000290s ]
[2026-04-22T23:10:55+08:00][sql] SELECT * FROM `prompts` WHERE  `status` = 2 ORDER BY `create_time` DESC LIMIT 0,10 [ RunTime:0.000263s ]
[2026-04-22T23:10:57+08:00][sql] CONNECT:[ UseTime:0.020292s ] mysql:host=127.0.0.1;port=3306;dbname=ai_prompt;charset=utf8mb4
[2026-04-22T23:10:57+08:00][sql] SHOW FULL COLUMNS FROM `categories` [ RunTime:0.001999s ]
[2026-04-22T23:10:57+08:00][sql] SELECT * FROM `categories` WHERE  `type` = 1  AND `status` = 1 ORDER BY `sort` ASC [ RunTime:0.000994s ]
[2026-04-22T23:10:57+08:00][sql] SHOW FULL COLUMNS FROM `prompts` [ RunTime:0.002518s ]
[2026-04-22T23:10:57+08:00][sql] SELECT COUNT(*) AS think_count FROM `prompts` WHERE  `status` = 2 ORDER BY `create_time` DESC LIMIT 1 [ RunTime:0.001010s ]
[2026-04-22T23:10:57+08:00][sql] SELECT * FROM `prompts` WHERE  `status` = 2 ORDER BY `create_time` DESC LIMIT 0,10 [ RunTime:0.001210s ]
[2026-04-22T23:10:57+08:00][sql] CONNECT:[ UseTime:0.001030s ] mysql:host=127.0.0.1;port=3306;dbname=ai_prompt;charset=utf8mb4
[2026-04-22T23:10:57+08:00][sql] SHOW FULL COLUMNS FROM `categories` [ RunTime:0.000724s ]
[2026-04-22T23:10:57+08:00][sql] SELECT * FROM `categories` WHERE  `type` = 1  AND `status` = 1 ORDER BY `sort` ASC [ RunTime:0.000363s ]
[2026-04-22T23:10:57+08:00][sql] SHOW FULL COLUMNS FROM `prompts` [ RunTime:0.000708s ]
[2026-04-22T23:10:57+08:00][sql] SELECT COUNT(*) AS think_count FROM `prompts` WHERE  `status` = 2 ORDER BY `create_time` DESC LIMIT 1 [ RunTime:0.000348s ]
[2026-04-22T23:10:57+08:00][sql] SELECT * FROM `prompts` WHERE  `status` = 2 ORDER BY `create_time` DESC LIMIT 0,10 [ RunTime:0.000283s ]
[2026-04-22T23:10:58+08:00][sql] CONNECT:[ UseTime:0.001225s ] mysql:host=127.0.0.1;port=3306;dbname=ai_prompt;charset=utf8mb4
[2026-04-22T23:10:58+08:00][sql] SHOW FULL COLUMNS FROM `categories` [ RunTime:0.000675s ]
[2026-04-22T23:10:58+08:00][sql] SELECT * FROM `categories` WHERE  `type` = 1  AND `status` = 1 ORDER BY `sort` ASC [ RunTime:0.000275s ]
[2026-04-22T23:10:58+08:00][sql] SHOW FULL COLUMNS FROM `prompts` [ RunTime:0.001335s ]
[2026-04-22T23:10:58+08:00][sql] SELECT COUNT(*) AS think_count FROM `prompts` WHERE  `status` = 2 ORDER BY `create_time` DESC LIMIT 1 [ RunTime:0.000473s ]
[2026-04-22T23:10:58+08:00][sql] SELECT * FROM `prompts` WHERE  `status` = 2 ORDER BY `create_time` DESC LIMIT 0,10 [ RunTime:0.000460s ]
[2026-04-22T23:10:59+08:00][sql] CONNECT:[ UseTime:0.024093s ] mysql:host=127.0.0.1;port=3306;dbname=ai_prompt;charset=utf8mb4
[2026-04-22T23:10:59+08:00][sql] SHOW FULL COLUMNS FROM `categories` [ RunTime:0.001113s ]
[2026-04-22T23:10:59+08:00][sql] SELECT * FROM `categories` WHERE  `type` = 1  AND `status` = 1 ORDER BY `sort` ASC [ RunTime:0.000398s ]
[2026-04-22T23:10:59+08:00][sql] SHOW FULL COLUMNS FROM `prompts` [ RunTime:0.000821s ]
[2026-04-22T23:10:59+08:00][sql] SELECT COUNT(*) AS think_count FROM `prompts` WHERE  `status` = 2 ORDER BY `create_time` DESC LIMIT 1 [ RunTime:0.000284s ]
[2026-04-22T23:10:59+08:00][sql] SELECT * FROM `prompts` WHERE  `status` = 2 ORDER BY `create_time` DESC LIMIT 0,10 [ RunTime:0.000275s ]
[2026-04-22T23:11:10+08:00][sql] CONNECT:[ UseTime:0.001046s ] mysql:host=127.0.0.1;port=3306;dbname=ai_prompt;charset=utf8mb4
[2026-04-22T23:11:10+08:00][sql] SHOW FULL COLUMNS FROM `users` [ RunTime:0.008661s ]
[2026-04-22T23:11:10+08:00][sql] SELECT * FROM `users` WHERE  `phone` = '18511404343' LIMIT 1 [ RunTime:0.000695s ]
[2026-04-22T23:11:10+08:00][sql] SHOW FULL COLUMNS FROM `verification_codes` [ RunTime:0.007138s ]
[2026-04-22T23:11:10+08:00][sql] SELECT * FROM `verification_codes` WHERE  `phone` = '18511404343'  AND `type` = 'register' ORDER BY `id` DESC LIMIT 1 [ RunTime:0.000765s ]
[2026-04-22T23:11:10+08:00][sql] INSERT INTO `verification_codes` SET `phone` = '18511404343' , `code` = '697710' , `type` = 'register' , `used` = 0 , `expire_time` = 1776870970 , `create_time` = 1776870670 [ RunTime:0.000652s ]
[2026-04-22T23:11:26+08:00][sql] CONNECT:[ UseTime:0.023834s ] mysql:host=127.0.0.1;port=3306;dbname=ai_prompt;charset=utf8mb4
[2026-04-22T23:11:26+08:00][sql] SHOW FULL COLUMNS FROM `users` [ RunTime:0.005280s ]
[2026-04-22T23:11:26+08:00][sql] SELECT * FROM `users` WHERE  `phone` = '18511404343' LIMIT 1 [ RunTime:0.000458s ]
[2026-04-22T23:11:26+08:00][sql] SHOW FULL COLUMNS FROM `verification_codes` [ RunTime:0.004085s ]
[2026-04-22T23:11:26+08:00][sql] SELECT * FROM `verification_codes` WHERE  `phone` = '18511404343'  AND `code` = '697710'  AND `type` = 'register'  AND `used` = 0  AND `expire_time` > 1776870686 ORDER BY `id` DESC LIMIT 1 [ RunTime:0.000492s ]
[2026-04-22T23:11:26+08:00][sql] UPDATE `verification_codes`  SET `used` = 1  WHERE  `id` = 1 [ RunTime:0.000452s ]
[2026-04-22T23:11:26+08:00][sql] INSERT INTO `users` SET `phone` = '18511404343' , `password` = '$2y$10$zVqel1etvC0lXZxP02eK7OSye4iiV1BIboIbyj4Qx6Fs1C5Z1czgW' , `nickname` = '达人c3d2b3' , `avatar` = '/static/images/default_avatar.png' , `points` = 10 , `status` = 1 , `last_login_time` = 1776870686 , `last_login_ip` = '127.0.0.1' , `create_time` = 1776870686 , `update_time` = 1776870686 [ RunTime:0.000789s ]
[2026-04-22T23:11:26+08:00][sql] UPDATE `users`  SET `points` = 20 , `update_time` = 1776870686  WHERE  `id` = 1 [ RunTime:0.000674s ]
[2026-04-22T23:11:26+08:00][sql] SHOW FULL COLUMNS FROM `points_records` [ RunTime:0.006523s ]
[2026-04-22T23:11:26+08:00][sql] INSERT INTO `points_records` SET `user_id` = 1 , `type` = 1 , `points` = 10 , `balance` = 20 , `source_type` = 'register' , `source_id` = 0 , `description` = '注册赠送10积分' , `create_time` = 1776870686 [ RunTime:0.001185s ]
[2026-04-22T23:11:27+08:00][sql] CONNECT:[ UseTime:0.026208s ] mysql:host=127.0.0.1;port=3306;dbname=ai_prompt;charset=utf8mb4
[2026-04-22T23:11:27+08:00][sql] SHOW FULL COLUMNS FROM `prompts` [ RunTime:0.001590s ]
[2026-04-22T23:11:27+08:00][sql] SELECT * FROM `prompts` WHERE  `status` = 2  AND `is_recommend` = 1 ORDER BY `create_time` DESC LIMIT 8 [ RunTime:0.000605s ]
[2026-04-22T23:11:27+08:00][sql] SHOW FULL COLUMNS FROM `workflows` [ RunTime:0.005230s ]
[2026-04-22T23:11:27+08:00][sql] SELECT * FROM `workflows` WHERE  `status` = 2  AND `is_recommend` = 1 ORDER BY `create_time` DESC LIMIT 8 [ RunTime:0.000646s ]
[2026-04-22T23:11:27+08:00][sql] SELECT * FROM `prompts` WHERE  `status` = 2 ORDER BY `create_time` DESC LIMIT 12 [ RunTime:0.000393s ]
[2026-04-22T23:11:27+08:00][sql] SHOW FULL COLUMNS FROM `categories` [ RunTime:0.000637s ]
[2026-04-22T23:11:27+08:00][sql] SELECT * FROM `categories` WHERE  `type` = 1  AND `status` = 1 ORDER BY `sort` ASC [ RunTime:0.000320s ]
[2026-04-22T23:11:27+08:00][sql] SELECT * FROM `categories` WHERE  `type` = 2  AND `status` = 1 ORDER BY `sort` ASC [ RunTime:0.000326s ]
[2026-04-22T23:11:33+08:00][sql] CONNECT:[ UseTime:0.002138s ] mysql:host=127.0.0.1;port=3306;dbname=ai_prompt;charset=utf8mb4
[2026-04-22T23:11:33+08:00][sql] SHOW FULL COLUMNS FROM `categories` [ RunTime:0.000737s ]
[2026-04-22T23:11:33+08:00][sql] SELECT * FROM `categories` WHERE  `type` = 1  AND `status` = 1 ORDER BY `sort` ASC [ RunTime:0.000360s ]
[2026-04-22T23:11:33+08:00][sql] SHOW FULL COLUMNS FROM `prompts` [ RunTime:0.000815s ]
[2026-04-22T23:11:33+08:00][sql] SELECT COUNT(*) AS think_count FROM `prompts` WHERE  `status` = 2 ORDER BY `create_time` DESC LIMIT 1 [ RunTime:0.000317s ]
[2026-04-22T23:11:33+08:00][sql] SELECT * FROM `prompts` WHERE  `status` = 2 ORDER BY `create_time` DESC LIMIT 0,10 [ RunTime:0.000269s ]
[2026-04-22T23:11:34+08:00][sql] CONNECT:[ UseTime:0.019864s ] mysql:host=127.0.0.1;port=3306;dbname=ai_prompt;charset=utf8mb4
[2026-04-22T23:11:34+08:00][sql] SHOW FULL COLUMNS FROM `categories` [ RunTime:0.001005s ]
[2026-04-22T23:11:34+08:00][sql] SELECT * FROM `categories` WHERE  `type` = 1  AND `status` = 1 ORDER BY `sort` ASC [ RunTime:0.000556s ]
[2026-04-22T23:11:34+08:00][sql] SHOW FULL COLUMNS FROM `prompts` [ RunTime:0.001144s ]
[2026-04-22T23:11:34+08:00][sql] SELECT COUNT(*) AS think_count FROM `prompts` WHERE  `status` = 2 ORDER BY `create_time` DESC LIMIT 1 [ RunTime:0.000508s ]
[2026-04-22T23:11:34+08:00][sql] SELECT * FROM `prompts` WHERE  `status` = 2 ORDER BY `create_time` DESC LIMIT 0,10 [ RunTime:0.000487s ]
[2026-04-22T23:11:34+08:00][sql] CONNECT:[ UseTime:0.025167s ] mysql:host=127.0.0.1;port=3306;dbname=ai_prompt;charset=utf8mb4
[2026-04-22T23:11:34+08:00][sql] SHOW FULL COLUMNS FROM `categories` [ RunTime:0.000861s ]
[2026-04-22T23:11:34+08:00][sql] SELECT * FROM `categories` WHERE  `type` = 1  AND `status` = 1 ORDER BY `sort` ASC [ RunTime:0.000428s ]
[2026-04-22T23:11:34+08:00][sql] SHOW FULL COLUMNS FROM `prompts` [ RunTime:0.000770s ]
[2026-04-22T23:11:34+08:00][sql] SELECT COUNT(*) AS think_count FROM `prompts` WHERE  `status` = 2 ORDER BY `create_time` DESC LIMIT 1 [ RunTime:0.000340s ]
[2026-04-22T23:11:34+08:00][sql] SELECT * FROM `prompts` WHERE  `status` = 2 ORDER BY `create_time` DESC LIMIT 0,10 [ RunTime:0.000412s ]
[2026-04-22T23:11:35+08:00][sql] CONNECT:[ UseTime:0.011867s ] mysql:host=127.0.0.1;port=3306;dbname=ai_prompt;charset=utf8mb4
[2026-04-22T23:11:35+08:00][sql] SHOW FULL COLUMNS FROM `categories` [ RunTime:0.000830s ]
[2026-04-22T23:11:35+08:00][sql] SELECT * FROM `categories` WHERE  `type` = 1  AND `status` = 1 ORDER BY `sort` ASC [ RunTime:0.000393s ]
[2026-04-22T23:11:35+08:00][sql] SHOW FULL COLUMNS FROM `prompts` [ RunTime:0.000720s ]
[2026-04-22T23:11:35+08:00][sql] SELECT COUNT(*) AS think_count FROM `prompts` WHERE  `status` = 2 ORDER BY `create_time` DESC LIMIT 1 [ RunTime:0.000303s ]
[2026-04-22T23:11:35+08:00][sql] SELECT * FROM `prompts` WHERE  `status` = 2 ORDER BY `create_time` DESC LIMIT 0,10 [ RunTime:0.000413s ]
[2026-04-22T23:11:36+08:00][sql] CONNECT:[ UseTime:0.016905s ] mysql:host=127.0.0.1;port=3306;dbname=ai_prompt;charset=utf8mb4
[2026-04-22T23:11:36+08:00][sql] SHOW FULL COLUMNS FROM `categories` [ RunTime:0.000828s ]
[2026-04-22T23:11:36+08:00][sql] SELECT * FROM `categories` WHERE  `type` = 1  AND `status` = 1 ORDER BY `sort` ASC [ RunTime:0.000469s ]
[2026-04-22T23:11:36+08:00][sql] SHOW FULL COLUMNS FROM `prompts` [ RunTime:0.000980s ]
[2026-04-22T23:11:36+08:00][sql] SELECT COUNT(*) AS think_count FROM `prompts` WHERE  `status` = 2 ORDER BY `create_time` DESC LIMIT 1 [ RunTime:0.000492s ]
[2026-04-22T23:11:36+08:00][sql] SELECT * FROM `prompts` WHERE  `status` = 2 ORDER BY `create_time` DESC LIMIT 0,10 [ RunTime:0.000471s ]
[2026-04-22T23:11:38+08:00][sql] CONNECT:[ UseTime:0.001056s ] mysql:host=127.0.0.1;port=3306;dbname=ai_prompt;charset=utf8mb4
[2026-04-22T23:11:38+08:00][sql] SHOW FULL COLUMNS FROM `categories` [ RunTime:0.000779s ]
[2026-04-22T23:11:38+08:00][sql] SELECT * FROM `categories` WHERE  `type` = 1  AND `status` = 1 ORDER BY `sort` ASC [ RunTime:0.000420s ]
[2026-04-22T23:11:38+08:00][sql] SHOW FULL COLUMNS FROM `prompts` [ RunTime:0.000729s ]
[2026-04-22T23:11:38+08:00][sql] SELECT COUNT(*) AS think_count FROM `prompts` WHERE  `status` = 2  AND `category_id` = 1 ORDER BY `create_time` DESC LIMIT 1 [ RunTime:0.000372s ]
[2026-04-22T23:11:38+08:00][sql] SELECT * FROM `prompts` WHERE  `status` = 2  AND `category_id` = 1 ORDER BY `create_time` DESC LIMIT 0,10 [ RunTime:0.000383s ]
[2026-04-22T23:11:39+08:00][sql] CONNECT:[ UseTime:0.023463s ] mysql:host=127.0.0.1;port=3306;dbname=ai_prompt;charset=utf8mb4
[2026-04-22T23:11:39+08:00][sql] SHOW FULL COLUMNS FROM `categories` [ RunTime:0.001349s ]
[2026-04-22T23:11:39+08:00][sql] SELECT * FROM `categories` WHERE  `type` = 1  AND `status` = 1 ORDER BY `sort` ASC [ RunTime:0.000772s ]
[2026-04-22T23:11:39+08:00][sql] SHOW FULL COLUMNS FROM `prompts` [ RunTime:0.000779s ]
[2026-04-22T23:11:39+08:00][sql] SELECT COUNT(*) AS think_count FROM `prompts` WHERE  `status` = 2  AND `category_id` = 2 ORDER BY `create_time` DESC LIMIT 1 [ RunTime:0.000301s ]
[2026-04-22T23:11:39+08:00][sql] SELECT * FROM `prompts` WHERE  `status` = 2  AND `category_id` = 2 ORDER BY `create_time` DESC LIMIT 0,10 [ RunTime:0.000313s ]
[2026-04-22T23:11:39+08:00][sql] CONNECT:[ UseTime:0.001399s ] mysql:host=127.0.0.1;port=3306;dbname=ai_prompt;charset=utf8mb4
[2026-04-22T23:11:39+08:00][sql] SHOW FULL COLUMNS FROM `categories` [ RunTime:0.000807s ]
[2026-04-22T23:11:39+08:00][sql] SELECT * FROM `categories` WHERE  `type` = 1  AND `status` = 1 ORDER BY `sort` ASC [ RunTime:0.000417s ]
[2026-04-22T23:11:39+08:00][sql] SHOW FULL COLUMNS FROM `prompts` [ RunTime:0.000756s ]
[2026-04-22T23:11:39+08:00][sql] SELECT COUNT(*) AS think_count FROM `prompts` WHERE  `status` = 2  AND `category_id` = 3 ORDER BY `create_time` DESC LIMIT 1 [ RunTime:0.000400s ]
[2026-04-22T23:11:39+08:00][sql] SELECT * FROM `prompts` WHERE  `status` = 2  AND `category_id` = 3 ORDER BY `create_time` DESC LIMIT 0,10 [ RunTime:0.000421s ]
[2026-04-22T23:11:40+08:00][sql] CONNECT:[ UseTime:0.024080s ] mysql:host=127.0.0.1;port=3306;dbname=ai_prompt;charset=utf8mb4
[2026-04-22T23:11:40+08:00][sql] SHOW FULL COLUMNS FROM `categories` [ RunTime:0.000780s ]
[2026-04-22T23:11:40+08:00][sql] SELECT * FROM `categories` WHERE  `type` = 1  AND `status` = 1 ORDER BY `sort` ASC [ RunTime:0.000602s ]
[2026-04-22T23:11:40+08:00][sql] SHOW FULL COLUMNS FROM `prompts` [ RunTime:0.000926s ]
[2026-04-22T23:11:40+08:00][sql] SELECT COUNT(*) AS think_count FROM `prompts` WHERE  `status` = 2  AND `category_id` = 4 ORDER BY `create_time` DESC LIMIT 1 [ RunTime:0.000392s ]
[2026-04-22T23:11:40+08:00][sql] SELECT * FROM `prompts` WHERE  `status` = 2  AND `category_id` = 4 ORDER BY `create_time` DESC LIMIT 0,10 [ RunTime:0.000395s ]
[2026-04-22T23:11:41+08:00][sql] CONNECT:[ UseTime:0.022151s ] mysql:host=127.0.0.1;port=3306;dbname=ai_prompt;charset=utf8mb4
[2026-04-22T23:11:41+08:00][sql] SHOW FULL COLUMNS FROM `categories` [ RunTime:0.000885s ]
[2026-04-22T23:11:41+08:00][sql] SELECT * FROM `categories` WHERE  `type` = 1  AND `status` = 1 ORDER BY `sort` ASC [ RunTime:0.000519s ]
[2026-04-22T23:11:41+08:00][sql] SHOW FULL COLUMNS FROM `prompts` [ RunTime:0.000936s ]
[2026-04-22T23:11:41+08:00][sql] SELECT COUNT(*) AS think_count FROM `prompts` WHERE  `status` = 2  AND `category_id` = 5 ORDER BY `create_time` DESC LIMIT 1 [ RunTime:0.000484s ]
[2026-04-22T23:11:41+08:00][sql] SELECT * FROM `prompts` WHERE  `status` = 2  AND `category_id` = 5 ORDER BY `create_time` DESC LIMIT 0,10 [ RunTime:0.000498s ]
[2026-04-22T23:11:41+08:00][sql] CONNECT:[ UseTime:0.018019s ] mysql:host=127.0.0.1;port=3306;dbname=ai_prompt;charset=utf8mb4
[2026-04-22T23:11:41+08:00][sql] SHOW FULL COLUMNS FROM `categories` [ RunTime:0.002425s ]
[2026-04-22T23:11:41+08:00][sql] SELECT * FROM `categories` WHERE  `type` = 1  AND `status` = 1 ORDER BY `sort` ASC [ RunTime:0.001209s ]
[2026-04-22T23:11:41+08:00][sql] SHOW FULL COLUMNS FROM `prompts` [ RunTime:0.002950s ]
[2026-04-22T23:11:41+08:00][sql] SELECT COUNT(*) AS think_count FROM `prompts` WHERE  `status` = 2  AND `category_id` = 6 ORDER BY `create_time` DESC LIMIT 1 [ RunTime:0.001047s ]
[2026-04-22T23:11:41+08:00][sql] SELECT * FROM `prompts` WHERE  `status` = 2  AND `category_id` = 6 ORDER BY `create_time` DESC LIMIT 0,10 [ RunTime:0.001168s ]
[2026-04-22T23:11:42+08:00][sql] CONNECT:[ UseTime:0.001582s ] mysql:host=127.0.0.1;port=3306;dbname=ai_prompt;charset=utf8mb4
[2026-04-22T23:11:42+08:00][sql] SHOW FULL COLUMNS FROM `categories` [ RunTime:0.000834s ]
[2026-04-22T23:11:42+08:00][sql] SELECT * FROM `categories` WHERE  `type` = 1  AND `status` = 1 ORDER BY `sort` ASC [ RunTime:0.000494s ]
[2026-04-22T23:11:42+08:00][sql] SHOW FULL COLUMNS FROM `prompts` [ RunTime:0.000829s ]
[2026-04-22T23:11:42+08:00][sql] SELECT COUNT(*) AS think_count FROM `prompts` WHERE  `status` = 2  AND `category_id` = 7 ORDER BY `create_time` DESC LIMIT 1 [ RunTime:0.000319s ]
[2026-04-22T23:11:42+08:00][sql] SELECT * FROM `prompts` WHERE  `status` = 2  AND `category_id` = 7 ORDER BY `create_time` DESC LIMIT 0,10 [ RunTime:0.000284s ]
[2026-04-22T23:11:42+08:00][sql] CONNECT:[ UseTime:0.002086s ] mysql:host=127.0.0.1;port=3306;dbname=ai_prompt;charset=utf8mb4
[2026-04-22T23:11:42+08:00][sql] SHOW FULL COLUMNS FROM `categories` [ RunTime:0.000869s ]
[2026-04-22T23:11:42+08:00][sql] SELECT * FROM `categories` WHERE  `type` = 1  AND `status` = 1 ORDER BY `sort` ASC [ RunTime:0.000392s ]
[2026-04-22T23:11:42+08:00][sql] SHOW FULL COLUMNS FROM `prompts` [ RunTime:0.002102s ]
[2026-04-22T23:11:42+08:00][sql] SELECT COUNT(*) AS think_count FROM `prompts` WHERE  `status` = 2  AND `category_id` = 8 ORDER BY `create_time` DESC LIMIT 1 [ RunTime:0.000805s ]
[2026-04-22T23:11:42+08:00][sql] SELECT * FROM `prompts` WHERE  `status` = 2  AND `category_id` = 8 ORDER BY `create_time` DESC LIMIT 0,10 [ RunTime:0.000519s ]
[2026-04-22T23:11:43+08:00][sql] CONNECT:[ UseTime:0.018990s ] mysql:host=127.0.0.1;port=3306;dbname=ai_prompt;charset=utf8mb4
[2026-04-22T23:11:43+08:00][sql] SHOW FULL COLUMNS FROM `categories` [ RunTime:0.001185s ]
[2026-04-22T23:11:43+08:00][sql] SELECT * FROM `categories` WHERE  `type` = 1  AND `status` = 1 ORDER BY `sort` ASC [ RunTime:0.000642s ]
[2026-04-22T23:11:43+08:00][sql] SHOW FULL COLUMNS FROM `prompts` [ RunTime:0.001003s ]
[2026-04-22T23:11:43+08:00][sql] SELECT COUNT(*) AS think_count FROM `prompts` WHERE  `status` = 2 ORDER BY `create_time` DESC LIMIT 1 [ RunTime:0.000450s ]
[2026-04-22T23:11:43+08:00][sql] SELECT * FROM `prompts` WHERE  `status` = 2 ORDER BY `create_time` DESC LIMIT 0,10 [ RunTime:0.000347s ]
[2026-04-22T23:11:46+08:00][sql] CONNECT:[ UseTime:0.016790s ] mysql:host=127.0.0.1;port=3306;dbname=ai_prompt;charset=utf8mb4
[2026-04-22T23:11:46+08:00][sql] SHOW FULL COLUMNS FROM `categories` [ RunTime:0.001399s ]
[2026-04-22T23:11:46+08:00][sql] SELECT * FROM `categories` WHERE  `type` = 2  AND `status` = 1 ORDER BY `sort` ASC [ RunTime:0.000438s ]
[2026-04-22T23:11:46+08:00][sql] SHOW FULL COLUMNS FROM `workflows` [ RunTime:0.003455s ]
[2026-04-22T23:11:46+08:00][sql] SELECT COUNT(*) AS think_count FROM `workflows` WHERE  `status` = 2 ORDER BY `create_time` DESC LIMIT 1 [ RunTime:0.000377s ]
[2026-04-22T23:11:46+08:00][sql] SELECT * FROM `workflows` WHERE  `status` = 2 ORDER BY `create_time` DESC LIMIT 0,10 [ RunTime:0.000408s ]
[2026-04-22T23:11:48+08:00][sql] CONNECT:[ UseTime:0.023255s ] mysql:host=127.0.0.1;port=3306;dbname=ai_prompt;charset=utf8mb4
[2026-04-22T23:11:48+08:00][sql] SHOW FULL COLUMNS FROM `categories` [ RunTime:0.002206s ]
[2026-04-22T23:11:48+08:00][sql] SELECT * FROM `categories` WHERE  `type` = 2  AND `status` = 1 ORDER BY `sort` ASC [ RunTime:0.001181s ]
[2026-04-22T23:11:48+08:00][sql] SHOW FULL COLUMNS FROM `workflows` [ RunTime:0.002796s ]
[2026-04-22T23:11:48+08:00][sql] SELECT COUNT(*) AS think_count FROM `workflows` WHERE  `status` = 2 ORDER BY `create_time` DESC LIMIT 1 [ RunTime:0.001018s ]
[2026-04-22T23:11:48+08:00][sql] SELECT * FROM `workflows` WHERE  `status` = 2 ORDER BY `create_time` DESC LIMIT 0,10 [ RunTime:0.001101s ]
[2026-04-22T23:11:49+08:00][sql] CONNECT:[ UseTime:0.001181s ] mysql:host=127.0.0.1;port=3306;dbname=ai_prompt;charset=utf8mb4
[2026-04-22T23:11:49+08:00][sql] SHOW FULL COLUMNS FROM `categories` [ RunTime:0.000784s ]
[2026-04-22T23:11:49+08:00][sql] SELECT * FROM `categories` WHERE  `type` = 2  AND `status` = 1 ORDER BY `sort` ASC [ RunTime:0.000455s ]
[2026-04-22T23:11:49+08:00][sql] SHOW FULL COLUMNS FROM `workflows` [ RunTime:0.005437s ]
[2026-04-22T23:11:49+08:00][sql] SELECT COUNT(*) AS think_count FROM `workflows` WHERE  `status` = 2 ORDER BY `create_time` DESC LIMIT 1 [ RunTime:0.000712s ]
[2026-04-22T23:11:49+08:00][sql] SELECT * FROM `workflows` WHERE  `status` = 2 ORDER BY `create_time` DESC LIMIT 0,10 [ RunTime:0.000528s ]
[2026-04-22T23:11:56+08:00][sql] CONNECT:[ UseTime:0.016883s ] mysql:host=127.0.0.1;port=3306;dbname=ai_prompt;charset=utf8mb4
[2026-04-22T23:11:56+08:00][sql] SHOW FULL COLUMNS FROM `users` [ RunTime:0.004593s ]
[2026-04-22T23:11:56+08:00][sql] SELECT * FROM `users` WHERE  `phone` = '18511404343' LIMIT 1 [ RunTime:0.000331s ]
[2026-04-22T23:11:56+08:00][sql] UPDATE `users`  SET `last_login_time` = 1776870716 , `update_time` = 1776870716  WHERE  `id` = 1 [ RunTime:0.000451s ]
[2026-04-22T23:11:56+08:00][sql] CONNECT:[ UseTime:0.001084s ] mysql:host=127.0.0.1;port=3306;dbname=ai_prompt;charset=utf8mb4
[2026-04-22T23:11:56+08:00][sql] SHOW FULL COLUMNS FROM `prompts` [ RunTime:0.000771s ]
[2026-04-22T23:11:56+08:00][sql] SELECT * FROM `prompts` WHERE  `status` = 2  AND `is_recommend` = 1 ORDER BY `create_time` DESC LIMIT 8 [ RunTime:0.000387s ]
[2026-04-22T23:11:56+08:00][sql] SHOW FULL COLUMNS FROM `workflows` [ RunTime:0.000631s ]
[2026-04-22T23:11:56+08:00][sql] SELECT * FROM `workflows` WHERE  `status` = 2  AND `is_recommend` = 1 ORDER BY `create_time` DESC LIMIT 8 [ RunTime:0.000349s ]
[2026-04-22T23:11:56+08:00][sql] SELECT * FROM `prompts` WHERE  `status` = 2 ORDER BY `create_time` DESC LIMIT 12 [ RunTime:0.000327s ]
[2026-04-22T23:11:56+08:00][sql] SHOW FULL COLUMNS FROM `categories` [ RunTime:0.000656s ]
[2026-04-22T23:11:56+08:00][sql] SELECT * FROM `categories` WHERE  `type` = 1  AND `status` = 1 ORDER BY `sort` ASC [ RunTime:0.000815s ]
[2026-04-22T23:11:56+08:00][sql] SELECT * FROM `categories` WHERE  `type` = 2  AND `status` = 1 ORDER BY `sort` ASC [ RunTime:0.000641s ]
[2026-04-22T23:11:58+08:00][sql] CONNECT:[ UseTime:0.023483s ] mysql:host=127.0.0.1;port=3306;dbname=ai_prompt;charset=utf8mb4
[2026-04-22T23:11:58+08:00][sql] SHOW FULL COLUMNS FROM `categories` [ RunTime:0.001083s ]
[2026-04-22T23:11:58+08:00][sql] SELECT * FROM `categories` WHERE  `type` = 1  AND `status` = 1 ORDER BY `sort` ASC [ RunTime:0.000395s ]
[2026-04-22T23:11:58+08:00][sql] SHOW FULL COLUMNS FROM `prompts` [ RunTime:0.000672s ]
[2026-04-22T23:11:58+08:00][sql] SELECT COUNT(*) AS think_count FROM `prompts` WHERE  `status` = 2 ORDER BY `create_time` DESC LIMIT 1 [ RunTime:0.000308s ]
[2026-04-22T23:11:58+08:00][sql] SELECT * FROM `prompts` WHERE  `status` = 2 ORDER BY `create_time` DESC LIMIT 0,10 [ RunTime:0.000332s ]
[2026-04-22T23:11:59+08:00][sql] CONNECT:[ UseTime:0.001191s ] mysql:host=127.0.0.1;port=3306;dbname=ai_prompt;charset=utf8mb4
[2026-04-22T23:11:59+08:00][sql] SHOW FULL COLUMNS FROM `categories` [ RunTime:0.000908s ]
[2026-04-22T23:11:59+08:00][sql] SELECT * FROM `categories` WHERE  `type` = 1  AND `status` = 1 ORDER BY `sort` ASC [ RunTime:0.000506s ]
[2026-04-22T23:11:59+08:00][sql] SHOW FULL COLUMNS FROM `prompts` [ RunTime:0.000789s ]
[2026-04-22T23:11:59+08:00][sql] SELECT COUNT(*) AS think_count FROM `prompts` WHERE  `status` = 2 ORDER BY `create_time` DESC LIMIT 1 [ RunTime:0.000365s ]
[2026-04-22T23:11:59+08:00][sql] SELECT * FROM `prompts` WHERE  `status` = 2 ORDER BY `create_time` DESC LIMIT 0,10 [ RunTime:0.000383s ]
[2026-04-22T23:12:01+08:00][sql] CONNECT:[ UseTime:0.001019s ] mysql:host=127.0.0.1;port=3306;dbname=ai_prompt;charset=utf8mb4
[2026-04-22T23:12:01+08:00][sql] SHOW FULL COLUMNS FROM `categories` [ RunTime:0.000869s ]
[2026-04-22T23:12:01+08:00][sql] SELECT * FROM `categories` WHERE  `type` = 1  AND `status` = 1 ORDER BY `sort` ASC [ RunTime:0.000416s ]
[2026-04-22T23:12:01+08:00][sql] SHOW FULL COLUMNS FROM `prompts` [ RunTime:0.000911s ]
[2026-04-22T23:12:01+08:00][sql] SELECT COUNT(*) AS think_count FROM `prompts` WHERE  `status` = 2 ORDER BY `create_time` DESC LIMIT 1 [ RunTime:0.000445s ]
[2026-04-22T23:12:01+08:00][sql] SELECT * FROM `prompts` WHERE  `status` = 2 ORDER BY `create_time` DESC LIMIT 0,10 [ RunTime:0.000380s ]
[2026-04-22T23:14:29+08:00][sql] CONNECT:[ UseTime:0.017829s ] mysql:host=127.0.0.1;port=3306;dbname=ai_prompt;charset=utf8mb4
[2026-04-22T23:14:29+08:00][sql] SHOW FULL COLUMNS FROM `categories` [ RunTime:0.000813s ]
[2026-04-22T23:14:29+08:00][sql] SELECT * FROM `categories` WHERE  `type` = 2  AND `status` = 1 ORDER BY `sort` ASC [ RunTime:0.000383s ]
[2026-04-22T23:14:29+08:00][sql] SHOW FULL COLUMNS FROM `workflows` [ RunTime:0.000812s ]
[2026-04-22T23:14:29+08:00][sql] SELECT COUNT(*) AS think_count FROM `workflows` WHERE  `status` = 2 ORDER BY `create_time` DESC LIMIT 1 [ RunTime:0.000375s ]
[2026-04-22T23:14:29+08:00][sql] SELECT * FROM `workflows` WHERE  `status` = 2 ORDER BY `create_time` DESC LIMIT 0,10 [ RunTime:0.000418s ]
[2026-04-22T23:14:31+08:00][sql] CONNECT:[ UseTime:0.025948s ] mysql:host=127.0.0.1;port=3306;dbname=ai_prompt;charset=utf8mb4
[2026-04-22T23:14:31+08:00][sql] SHOW FULL COLUMNS FROM `categories` [ RunTime:0.000718s ]
[2026-04-22T23:14:31+08:00][sql] SELECT * FROM `categories` WHERE  `type` = 2  AND `status` = 1 ORDER BY `sort` ASC [ RunTime:0.000378s ]
[2026-04-22T23:14:31+08:00][sql] SHOW FULL COLUMNS FROM `workflows` [ RunTime:0.000717s ]
[2026-04-22T23:14:31+08:00][sql] SELECT COUNT(*) AS think_count FROM `workflows` WHERE  `status` = 2 ORDER BY `create_time` DESC LIMIT 1 [ RunTime:0.000378s ]
[2026-04-22T23:14:31+08:00][sql] SELECT * FROM `workflows` WHERE  `status` = 2 ORDER BY `create_time` DESC LIMIT 0,10 [ RunTime:0.000373s ]
[2026-04-22T23:24:46+08:00][sql] CONNECT:[ UseTime:0.017622s ] mysql:host=127.0.0.1;port=3306;dbname=ai_prompt;charset=utf8mb4
[2026-04-22T23:24:46+08:00][sql] SHOW FULL COLUMNS FROM `categories` [ RunTime:0.013331s ]
[2026-04-22T23:24:46+08:00][sql] SELECT * FROM `categories` WHERE  `type` = 2  AND `status` = 1 ORDER BY `sort` ASC [ RunTime:0.001068s ]
[2026-04-22T23:24:46+08:00][sql] SHOW FULL COLUMNS FROM `workflows` [ RunTime:0.006654s ]
[2026-04-22T23:24:46+08:00][sql] SELECT COUNT(*) AS think_count FROM `workflows` WHERE  `status` = 2 ORDER BY `create_time` DESC LIMIT 1 [ RunTime:0.000840s ]
[2026-04-22T23:24:46+08:00][sql] SELECT * FROM `workflows` WHERE  `status` = 2 ORDER BY `create_time` DESC LIMIT 0,10 [ RunTime:0.000420s ]
[2026-04-22T23:24:52+08:00][sql] CONNECT:[ UseTime:0.002024s ] mysql:host=127.0.0.1;port=3306;dbname=ai_prompt;charset=utf8mb4
[2026-04-22T23:24:52+08:00][sql] SHOW FULL COLUMNS FROM `categories` [ RunTime:0.005477s ]
[2026-04-22T23:24:52+08:00][sql] SELECT * FROM `categories` WHERE  `type` = 2  AND `status` = 1 ORDER BY `sort` ASC [ RunTime:0.000614s ]
[2026-04-22T23:24:52+08:00][sql] SHOW FULL COLUMNS FROM `workflows` [ RunTime:0.005655s ]
[2026-04-22T23:24:52+08:00][sql] SELECT COUNT(*) AS think_count FROM `workflows` WHERE  `status` = 2 ORDER BY `create_time` DESC LIMIT 1 [ RunTime:0.000424s ]
[2026-04-22T23:24:52+08:00][sql] SELECT * FROM `workflows` WHERE  `status` = 2 ORDER BY `create_time` DESC LIMIT 0,10 [ RunTime:0.000366s ]
[2026-04-22T23:24:53+08:00][sql] CONNECT:[ UseTime:0.001835s ] mysql:host=127.0.0.1;port=3306;dbname=ai_prompt;charset=utf8mb4
[2026-04-22T23:24:53+08:00][sql] SHOW FULL COLUMNS FROM `categories` [ RunTime:0.003594s ]
[2026-04-22T23:24:53+08:00][sql] SELECT * FROM `categories` WHERE  `type` = 2  AND `status` = 1 ORDER BY `sort` ASC [ RunTime:0.000455s ]
[2026-04-22T23:24:53+08:00][sql] SHOW FULL COLUMNS FROM `workflows` [ RunTime:0.004681s ]
[2026-04-22T23:24:53+08:00][sql] SELECT COUNT(*) AS think_count FROM `workflows` WHERE  `status` = 2 ORDER BY `create_time` DESC LIMIT 1 [ RunTime:0.000410s ]
[2026-04-22T23:24:53+08:00][sql] SELECT * FROM `workflows` WHERE  `status` = 2 ORDER BY `create_time` DESC LIMIT 0,10 [ RunTime:0.000453s ]
[2026-04-22T23:24:54+08:00][sql] CONNECT:[ UseTime:0.016676s ] mysql:host=127.0.0.1;port=3306;dbname=ai_prompt;charset=utf8mb4
[2026-04-22T23:24:54+08:00][sql] SHOW FULL COLUMNS FROM `categories` [ RunTime:0.003722s ]
[2026-04-22T23:24:54+08:00][sql] SELECT * FROM `categories` WHERE  `type` = 2  AND `status` = 1 ORDER BY `sort` ASC [ RunTime:0.000337s ]
[2026-04-22T23:24:54+08:00][sql] SHOW FULL COLUMNS FROM `workflows` [ RunTime:0.005114s ]
[2026-04-22T23:24:54+08:00][sql] SELECT COUNT(*) AS think_count FROM `workflows` WHERE  `status` = 2 ORDER BY `create_time` DESC LIMIT 1 [ RunTime:0.000512s ]
[2026-04-22T23:24:54+08:00][sql] SELECT * FROM `workflows` WHERE  `status` = 2 ORDER BY `create_time` DESC LIMIT 0,10 [ RunTime:0.000672s ]
[2026-04-22T23:24:55+08:00][sql] CONNECT:[ UseTime:0.017819s ] mysql:host=127.0.0.1;port=3306;dbname=ai_prompt;charset=utf8mb4
[2026-04-22T23:24:55+08:00][sql] SHOW FULL COLUMNS FROM `categories` [ RunTime:0.004133s ]
[2026-04-22T23:24:55+08:00][sql] SELECT * FROM `categories` WHERE  `type` = 2  AND `status` = 1 ORDER BY `sort` ASC [ RunTime:0.000479s ]
[2026-04-22T23:24:55+08:00][sql] SHOW FULL COLUMNS FROM `workflows` [ RunTime:0.003516s ]
[2026-04-22T23:24:55+08:00][sql] SELECT COUNT(*) AS think_count FROM `workflows` WHERE  `status` = 2 ORDER BY `create_time` DESC LIMIT 1 [ RunTime:0.000510s ]
[2026-04-22T23:24:55+08:00][sql] SELECT * FROM `workflows` WHERE  `status` = 2 ORDER BY `create_time` DESC LIMIT 0,10 [ RunTime:0.000437s ]
[2026-04-22T23:25:28+08:00][sql] CONNECT:[ UseTime:0.000995s ] mysql:host=127.0.0.1;port=3306;dbname=ai_prompt;charset=utf8mb4
[2026-04-22T23:25:28+08:00][sql] SHOW FULL COLUMNS FROM `categories` [ RunTime:0.004736s ]
[2026-04-22T23:25:28+08:00][sql] SELECT * FROM `categories` WHERE  `type` = 2  AND `status` = 1 ORDER BY `sort` ASC [ RunTime:0.000468s ]
[2026-04-22T23:25:28+08:00][sql] SHOW FULL COLUMNS FROM `workflows` [ RunTime:0.005052s ]
[2026-04-22T23:25:28+08:00][sql] SELECT COUNT(*) AS think_count FROM `workflows` WHERE  `status` = 2 ORDER BY `create_time` DESC LIMIT 1 [ RunTime:0.000366s ]
[2026-04-22T23:25:28+08:00][sql] SELECT * FROM `workflows` WHERE  `status` = 2 ORDER BY `create_time` DESC LIMIT 0,10 [ RunTime:0.000296s ]
[2026-04-22T23:25:31+08:00][sql] CONNECT:[ UseTime:0.017764s ] mysql:host=127.0.0.1;port=3306;dbname=ai_prompt;charset=utf8mb4
[2026-04-22T23:25:31+08:00][sql] SHOW FULL COLUMNS FROM `categories` [ RunTime:0.004085s ]
[2026-04-22T23:25:31+08:00][sql] SELECT * FROM `categories` WHERE  `type` = 2  AND `status` = 1 ORDER BY `sort` ASC [ RunTime:0.000409s ]
[2026-04-22T23:25:31+08:00][sql] SHOW FULL COLUMNS FROM `workflows` [ RunTime:0.004280s ]
[2026-04-22T23:25:31+08:00][sql] SELECT COUNT(*) AS think_count FROM `workflows` WHERE  `status` = 2 ORDER BY `create_time` DESC LIMIT 1 [ RunTime:0.000446s ]
[2026-04-22T23:25:31+08:00][sql] SELECT * FROM `workflows` WHERE  `status` = 2 ORDER BY `create_time` DESC LIMIT 0,10 [ RunTime:0.000434s ]
[2026-04-22T23:25:32+08:00][sql] CONNECT:[ UseTime:0.016195s ] mysql:host=127.0.0.1;port=3306;dbname=ai_prompt;charset=utf8mb4
[2026-04-22T23:25:32+08:00][sql] SHOW FULL COLUMNS FROM `categories` [ RunTime:0.006188s ]
[2026-04-22T23:25:32+08:00][sql] SELECT * FROM `categories` WHERE  `type` = 2  AND `status` = 1 ORDER BY `sort` ASC [ RunTime:0.000592s ]
[2026-04-22T23:25:32+08:00][sql] SHOW FULL COLUMNS FROM `workflows` [ RunTime:0.004368s ]
[2026-04-22T23:25:32+08:00][sql] SELECT COUNT(*) AS think_count FROM `workflows` WHERE  `status` = 2 ORDER BY `create_time` DESC LIMIT 1 [ RunTime:0.000466s ]
[2026-04-22T23:25:32+08:00][sql] SELECT * FROM `workflows` WHERE  `status` = 2 ORDER BY `create_time` DESC LIMIT 0,10 [ RunTime:0.000418s ]
[2026-04-22T23:25:33+08:00][sql] CONNECT:[ UseTime:0.020735s ] mysql:host=127.0.0.1;port=3306;dbname=ai_prompt;charset=utf8mb4
[2026-04-22T23:25:33+08:00][sql] SHOW FULL COLUMNS FROM `categories` [ RunTime:0.004019s ]
[2026-04-22T23:25:33+08:00][sql] SELECT * FROM `categories` WHERE  `type` = 2  AND `status` = 1 ORDER BY `sort` ASC [ RunTime:0.000534s ]
[2026-04-22T23:25:33+08:00][sql] SHOW FULL COLUMNS FROM `workflows` [ RunTime:0.004116s ]
[2026-04-22T23:25:33+08:00][sql] SELECT COUNT(*) AS think_count FROM `workflows` WHERE  `status` = 2 ORDER BY `create_time` DESC LIMIT 1 [ RunTime:0.000495s ]
[2026-04-22T23:25:33+08:00][sql] SELECT * FROM `workflows` WHERE  `status` = 2 ORDER BY `create_time` DESC LIMIT 0,10 [ RunTime:0.000511s ]
[2026-04-22T23:25:42+08:00][sql] CONNECT:[ UseTime:0.023994s ] mysql:host=127.0.0.1;port=3306;dbname=ai_prompt;charset=utf8mb4
[2026-04-22T23:25:42+08:00][sql] SHOW FULL COLUMNS FROM `categories` [ RunTime:0.003661s ]
[2026-04-22T23:25:42+08:00][sql] SELECT * FROM `categories` WHERE  `type` = 2  AND `status` = 1 ORDER BY `sort` ASC [ RunTime:0.000400s ]
[2026-04-22T23:25:42+08:00][sql] SHOW FULL COLUMNS FROM `workflows` [ RunTime:0.003458s ]
[2026-04-22T23:25:42+08:00][sql] SELECT COUNT(*) AS think_count FROM `workflows` WHERE  `status` = 2  AND `category_id` = 9 ORDER BY `create_time` DESC LIMIT 1 [ RunTime:0.000819s ]
[2026-04-22T23:25:42+08:00][sql] SELECT * FROM `workflows` WHERE  `status` = 2  AND `category_id` = 9 ORDER BY `create_time` DESC LIMIT 0,10 [ RunTime:0.000420s ]
[2026-04-22T23:25:42+08:00][sql] CONNECT:[ UseTime:0.022606s ] mysql:host=127.0.0.1;port=3306;dbname=ai_prompt;charset=utf8mb4
[2026-04-22T23:25:42+08:00][sql] SHOW FULL COLUMNS FROM `categories` [ RunTime:0.003703s ]
[2026-04-22T23:25:42+08:00][sql] SELECT * FROM `categories` WHERE  `type` = 2  AND `status` = 1 ORDER BY `sort` ASC [ RunTime:0.000450s ]
[2026-04-22T23:25:42+08:00][sql] SHOW FULL COLUMNS FROM `workflows` [ RunTime:0.003604s ]
[2026-04-22T23:25:42+08:00][sql] SELECT COUNT(*) AS think_count FROM `workflows` WHERE  `status` = 2  AND `category_id` = 10 ORDER BY `create_time` DESC LIMIT 1 [ RunTime:0.000389s ]
[2026-04-22T23:25:42+08:00][sql] SELECT * FROM `workflows` WHERE  `status` = 2  AND `category_id` = 10 ORDER BY `create_time` DESC LIMIT 0,10 [ RunTime:0.000439s ]
[2026-04-22T23:25:44+08:00][sql] CONNECT:[ UseTime:0.022800s ] mysql:host=127.0.0.1;port=3306;dbname=ai_prompt;charset=utf8mb4
[2026-04-22T23:25:44+08:00][sql] SHOW FULL COLUMNS FROM `categories` [ RunTime:0.003693s ]
[2026-04-22T23:25:44+08:00][sql] SELECT * FROM `categories` WHERE  `type` = 2  AND `status` = 1 ORDER BY `sort` ASC [ RunTime:0.000562s ]
[2026-04-22T23:25:44+08:00][sql] SHOW FULL COLUMNS FROM `workflows` [ RunTime:0.004846s ]
[2026-04-22T23:25:44+08:00][sql] SELECT COUNT(*) AS think_count FROM `workflows` WHERE  `status` = 2 ORDER BY `create_time` DESC LIMIT 1 [ RunTime:0.000446s ]
[2026-04-22T23:25:44+08:00][sql] SELECT * FROM `workflows` WHERE  `status` = 2 ORDER BY `create_time` DESC LIMIT 0,10 [ RunTime:0.000486s ]
[2026-04-22T23:25:45+08:00][sql] CONNECT:[ UseTime:0.026096s ] mysql:host=127.0.0.1;port=3306;dbname=ai_prompt;charset=utf8mb4
[2026-04-22T23:25:45+08:00][sql] SHOW FULL COLUMNS FROM `prompts` [ RunTime:0.006561s ]
[2026-04-22T23:25:45+08:00][sql] SELECT * FROM `prompts` WHERE  `status` = 2  AND `is_recommend` = 1 ORDER BY `create_time` DESC LIMIT 8 [ RunTime:0.001087s ]
[2026-04-22T23:25:45+08:00][sql] SHOW FULL COLUMNS FROM `workflows` [ RunTime:0.004373s ]
[2026-04-22T23:25:45+08:00][sql] SELECT * FROM `workflows` WHERE  `status` = 2  AND `is_recommend` = 1 ORDER BY `create_time` DESC LIMIT 8 [ RunTime:0.000855s ]
[2026-04-22T23:25:45+08:00][sql] SELECT * FROM `prompts` WHERE  `status` = 2 ORDER BY `create_time` DESC LIMIT 12 [ RunTime:0.000343s ]
[2026-04-22T23:25:45+08:00][sql] SHOW FULL COLUMNS FROM `categories` [ RunTime:0.004284s ]
[2026-04-22T23:25:45+08:00][sql] SELECT * FROM `categories` WHERE  `type` = 1  AND `status` = 1 ORDER BY `sort` ASC [ RunTime:0.000469s ]
[2026-04-22T23:25:45+08:00][sql] SELECT * FROM `categories` WHERE  `type` = 2  AND `status` = 1 ORDER BY `sort` ASC [ RunTime:0.000374s ]
[2026-04-22T23:25:51+08:00][sql] CONNECT:[ UseTime:0.018657s ] mysql:host=127.0.0.1;port=3306;dbname=ai_prompt;charset=utf8mb4
[2026-04-22T23:25:51+08:00][sql] SHOW FULL COLUMNS FROM `categories` [ RunTime:0.003716s ]
[2026-04-22T23:25:51+08:00][sql] SELECT * FROM `categories` WHERE  `type` = 1  AND `status` = 1 ORDER BY `sort` ASC [ RunTime:0.000606s ]
[2026-04-22T23:25:51+08:00][sql] SHOW FULL COLUMNS FROM `prompts` [ RunTime:0.003603s ]
[2026-04-22T23:25:51+08:00][sql] SELECT COUNT(*) AS think_count FROM `prompts` WHERE  `status` = 2 ORDER BY `create_time` DESC LIMIT 1 [ RunTime:0.000391s ]
[2026-04-22T23:25:51+08:00][sql] SELECT * FROM `prompts` WHERE  `status` = 2 ORDER BY `create_time` DESC LIMIT 0,10 [ RunTime:0.000358s ]
[2026-04-22T23:25:52+08:00][sql] CONNECT:[ UseTime:0.025120s ] mysql:host=127.0.0.1;port=3306;dbname=ai_prompt;charset=utf8mb4
[2026-04-22T23:25:52+08:00][sql] SHOW FULL COLUMNS FROM `categories` [ RunTime:0.005076s ]
[2026-04-22T23:25:52+08:00][sql] SELECT * FROM `categories` WHERE  `type` = 2  AND `status` = 1 ORDER BY `sort` ASC [ RunTime:0.000442s ]
[2026-04-22T23:25:52+08:00][sql] SHOW FULL COLUMNS FROM `workflows` [ RunTime:0.003995s ]
[2026-04-22T23:25:52+08:00][sql] SELECT COUNT(*) AS think_count FROM `workflows` WHERE  `status` = 2 ORDER BY `create_time` DESC LIMIT 1 [ RunTime:0.000380s ]
[2026-04-22T23:25:52+08:00][sql] SELECT * FROM `workflows` WHERE  `status` = 2 ORDER BY `create_time` DESC LIMIT 0,10 [ RunTime:0.000438s ]
[2026-04-22T23:26:03+08:00][sql] CONNECT:[ UseTime:0.001659s ] mysql:host=127.0.0.1;port=3306;dbname=ai_prompt;charset=utf8mb4
[2026-04-22T23:26:03+08:00][sql] SHOW FULL COLUMNS FROM `users` [ RunTime:0.009210s ]
[2026-04-22T23:26:03+08:00][sql] SELECT * FROM `users` WHERE  `phone` = '18511404343' LIMIT 1 [ RunTime:0.000738s ]
[2026-04-22T23:26:03+08:00][sql] UPDATE `users`  SET `last_login_time` = 1776871563 , `update_time` = 1776871563  WHERE  `id` = 1 [ RunTime:0.000528s ]
[2026-04-22T23:26:04+08:00][sql] CONNECT:[ UseTime:0.001000s ] mysql:host=127.0.0.1;port=3306;dbname=ai_prompt;charset=utf8mb4
[2026-04-22T23:26:04+08:00][sql] SHOW FULL COLUMNS FROM `prompts` [ RunTime:0.003755s ]
[2026-04-22T23:26:04+08:00][sql] SELECT * FROM `prompts` WHERE  `status` = 2  AND `is_recommend` = 1 ORDER BY `create_time` DESC LIMIT 8 [ RunTime:0.000365s ]
[2026-04-22T23:26:04+08:00][sql] SHOW FULL COLUMNS FROM `workflows` [ RunTime:0.000621s ]
[2026-04-22T23:26:04+08:00][sql] SELECT * FROM `workflows` WHERE  `status` = 2  AND `is_recommend` = 1 ORDER BY `create_time` DESC LIMIT 8 [ RunTime:0.000297s ]
[2026-04-22T23:26:04+08:00][sql] SELECT * FROM `prompts` WHERE  `status` = 2 ORDER BY `create_time` DESC LIMIT 12 [ RunTime:0.000336s ]
[2026-04-22T23:26:04+08:00][sql] SHOW FULL COLUMNS FROM `categories` [ RunTime:0.000552s ]
[2026-04-22T23:26:04+08:00][sql] SELECT * FROM `categories` WHERE  `type` = 1  AND `status` = 1 ORDER BY `sort` ASC [ RunTime:0.000346s ]
[2026-04-22T23:26:04+08:00][sql] SELECT * FROM `categories` WHERE  `type` = 2  AND `status` = 1 ORDER BY `sort` ASC [ RunTime:0.000344s ]
[2026-04-22T23:26:08+08:00][sql] CONNECT:[ UseTime:0.019268s ] mysql:host=127.0.0.1;port=3306;dbname=ai_prompt;charset=utf8mb4
[2026-04-22T23:26:08+08:00][sql] SHOW FULL COLUMNS FROM `categories` [ RunTime:0.000900s ]
[2026-04-22T23:26:08+08:00][sql] SELECT * FROM `categories` WHERE  `type` = 1  AND `status` = 1 ORDER BY `sort` ASC [ RunTime:0.000413s ]
[2026-04-22T23:26:08+08:00][sql] SHOW FULL COLUMNS FROM `prompts` [ RunTime:0.004816s ]
[2026-04-22T23:26:08+08:00][sql] SELECT COUNT(*) AS think_count FROM `prompts` WHERE  `status` = 2 ORDER BY `create_time` DESC LIMIT 1 [ RunTime:0.000438s ]
[2026-04-22T23:26:08+08:00][sql] SELECT * FROM `prompts` WHERE  `status` = 2 ORDER BY `create_time` DESC LIMIT 0,10 [ RunTime:0.000588s ]
[2026-04-22T23:26:09+08:00][sql] CONNECT:[ UseTime:0.018522s ] mysql:host=127.0.0.1;port=3306;dbname=ai_prompt;charset=utf8mb4
[2026-04-22T23:26:09+08:00][sql] SHOW FULL COLUMNS FROM `categories` [ RunTime:0.000871s ]
[2026-04-22T23:26:09+08:00][sql] SELECT * FROM `categories` WHERE  `type` = 1  AND `status` = 1 ORDER BY `sort` ASC [ RunTime:0.000435s ]
[2026-04-22T23:26:09+08:00][sql] SHOW FULL COLUMNS FROM `prompts` [ RunTime:0.004032s ]
[2026-04-22T23:26:09+08:00][sql] SELECT COUNT(*) AS think_count FROM `prompts` WHERE  `status` = 2 ORDER BY `create_time` DESC LIMIT 1 [ RunTime:0.000460s ]
[2026-04-22T23:26:09+08:00][sql] SELECT * FROM `prompts` WHERE  `status` = 2 ORDER BY `create_time` DESC LIMIT 0,10 [ RunTime:0.000389s ]
[2026-04-22T23:26:10+08:00][sql] CONNECT:[ UseTime:0.014481s ] mysql:host=127.0.0.1;port=3306;dbname=ai_prompt;charset=utf8mb4
[2026-04-22T23:26:10+08:00][sql] SHOW FULL COLUMNS FROM `categories` [ RunTime:0.002391s ]
[2026-04-22T23:26:10+08:00][sql] SELECT * FROM `categories` WHERE  `type` = 1  AND `status` = 1 ORDER BY `sort` ASC [ RunTime:0.001317s ]
[2026-04-22T23:26:10+08:00][sql] SHOW FULL COLUMNS FROM `prompts` [ RunTime:0.020657s ]
[2026-04-22T23:26:10+08:00][sql] SELECT COUNT(*) AS think_count FROM `prompts` WHERE  `status` = 2 ORDER BY `create_time` DESC LIMIT 1 [ RunTime:0.001213s ]
[2026-04-22T23:26:10+08:00][sql] SELECT * FROM `prompts` WHERE  `status` = 2 ORDER BY `create_time` DESC LIMIT 0,10 [ RunTime:0.001311s ]
[2026-04-22T23:26:10+08:00][sql] CONNECT:[ UseTime:0.001956s ] mysql:host=127.0.0.1;port=3306;dbname=ai_prompt;charset=utf8mb4
[2026-04-22T23:26:10+08:00][sql] SHOW FULL COLUMNS FROM `categories` [ RunTime:0.000679s ]
[2026-04-22T23:26:10+08:00][sql] SELECT * FROM `categories` WHERE  `type` = 1  AND `status` = 1 ORDER BY `sort` ASC [ RunTime:0.000429s ]
[2026-04-22T23:26:10+08:00][sql] SHOW FULL COLUMNS FROM `prompts` [ RunTime:0.003485s ]
[2026-04-22T23:26:10+08:00][sql] SELECT COUNT(*) AS think_count FROM `prompts` WHERE  `status` = 2 ORDER BY `create_time` DESC LIMIT 1 [ RunTime:0.000236s ]
[2026-04-22T23:26:10+08:00][sql] SELECT * FROM `prompts` WHERE  `status` = 2 ORDER BY `create_time` DESC LIMIT 0,10 [ RunTime:0.000210s ]
[2026-04-22T23:26:11+08:00][sql] CONNECT:[ UseTime:0.001817s ] mysql:host=127.0.0.1;port=3306;dbname=ai_prompt;charset=utf8mb4
[2026-04-22T23:26:11+08:00][sql] SHOW FULL COLUMNS FROM `categories` [ RunTime:0.000771s ]
[2026-04-22T23:26:11+08:00][sql] SELECT * FROM `categories` WHERE  `type` = 1  AND `status` = 1 ORDER BY `sort` ASC [ RunTime:0.000399s ]
[2026-04-22T23:26:11+08:00][sql] SHOW FULL COLUMNS FROM `prompts` [ RunTime:0.004297s ]
[2026-04-22T23:26:11+08:00][sql] SELECT COUNT(*) AS think_count FROM `prompts` WHERE  `status` = 2 ORDER BY `create_time` DESC LIMIT 1 [ RunTime:0.000520s ]
[2026-04-22T23:26:11+08:00][sql] SELECT * FROM `prompts` WHERE  `status` = 2 ORDER BY `create_time` DESC LIMIT 0,10 [ RunTime:0.000438s ]
[2026-04-22T23:26:11+08:00][sql] CONNECT:[ UseTime:0.019052s ] mysql:host=127.0.0.1;port=3306;dbname=ai_prompt;charset=utf8mb4
[2026-04-22T23:26:11+08:00][sql] SHOW FULL COLUMNS FROM `categories` [ RunTime:0.001187s ]
[2026-04-22T23:26:11+08:00][sql] SELECT * FROM `categories` WHERE  `type` = 1  AND `status` = 1 ORDER BY `sort` ASC [ RunTime:0.000359s ]
[2026-04-22T23:26:11+08:00][sql] SHOW FULL COLUMNS FROM `prompts` [ RunTime:0.003559s ]
[2026-04-22T23:26:11+08:00][sql] SELECT COUNT(*) AS think_count FROM `prompts` WHERE  `status` = 2 ORDER BY `create_time` DESC LIMIT 1 [ RunTime:0.000331s ]
[2026-04-22T23:26:11+08:00][sql] SELECT * FROM `prompts` WHERE  `status` = 2 ORDER BY `create_time` DESC LIMIT 0,10 [ RunTime:0.000333s ]
[2026-04-22T23:26:12+08:00][sql] CONNECT:[ UseTime:0.001595s ] mysql:host=127.0.0.1;port=3306;dbname=ai_prompt;charset=utf8mb4
[2026-04-22T23:26:12+08:00][sql] SHOW FULL COLUMNS FROM `categories` [ RunTime:0.000792s ]
[2026-04-22T23:26:12+08:00][sql] SELECT * FROM `categories` WHERE  `type` = 1  AND `status` = 1 ORDER BY `sort` ASC [ RunTime:0.000384s ]
[2026-04-22T23:26:12+08:00][sql] SHOW FULL COLUMNS FROM `prompts` [ RunTime:0.003433s ]
[2026-04-22T23:26:12+08:00][sql] SELECT COUNT(*) AS think_count FROM `prompts` WHERE  `status` = 2 ORDER BY `create_time` DESC LIMIT 1 [ RunTime:0.000388s ]
[2026-04-22T23:26:12+08:00][sql] SELECT * FROM `prompts` WHERE  `status` = 2 ORDER BY `create_time` DESC LIMIT 0,10 [ RunTime:0.000402s ]
[2026-04-22T23:26:12+08:00][sql] CONNECT:[ UseTime:0.019385s ] mysql:host=127.0.0.1;port=3306;dbname=ai_prompt;charset=utf8mb4
[2026-04-22T23:26:12+08:00][sql] SHOW FULL COLUMNS FROM `categories` [ RunTime:0.000974s ]
[2026-04-22T23:26:12+08:00][sql] SELECT * FROM `categories` WHERE  `type` = 1  AND `status` = 1 ORDER BY `sort` ASC [ RunTime:0.000499s ]
[2026-04-22T23:26:12+08:00][sql] SHOW FULL COLUMNS FROM `prompts` [ RunTime:0.004167s ]
[2026-04-22T23:26:12+08:00][sql] SELECT COUNT(*) AS think_count FROM `prompts` WHERE  `status` = 2 ORDER BY `create_time` DESC LIMIT 1 [ RunTime:0.000481s ]
[2026-04-22T23:26:12+08:00][sql] SELECT * FROM `prompts` WHERE  `status` = 2 ORDER BY `create_time` DESC LIMIT 0,10 [ RunTime:0.000393s ]
[2026-04-22T23:26:13+08:00][sql] CONNECT:[ UseTime:0.017755s ] mysql:host=127.0.0.1;port=3306;dbname=ai_prompt;charset=utf8mb4
[2026-04-22T23:26:13+08:00][sql] SHOW FULL COLUMNS FROM `categories` [ RunTime:0.000962s ]
[2026-04-22T23:26:13+08:00][sql] SELECT * FROM `categories` WHERE  `type` = 1  AND `status` = 1 ORDER BY `sort` ASC [ RunTime:0.000483s ]
[2026-04-22T23:26:13+08:00][sql] SHOW FULL COLUMNS FROM `prompts` [ RunTime:0.004379s ]
[2026-04-22T23:26:13+08:00][sql] SELECT COUNT(*) AS think_count FROM `prompts` WHERE  `status` = 2  AND `category_id` = 1 ORDER BY `create_time` DESC LIMIT 1 [ RunTime:0.000885s ]
[2026-04-22T23:26:13+08:00][sql] SELECT * FROM `prompts` WHERE  `status` = 2  AND `category_id` = 1 ORDER BY `create_time` DESC LIMIT 0,10 [ RunTime:0.000470s ]
[2026-04-22T23:26:14+08:00][sql] CONNECT:[ UseTime:0.024674s ] mysql:host=127.0.0.1;port=3306;dbname=ai_prompt;charset=utf8mb4
[2026-04-22T23:26:14+08:00][sql] SHOW FULL COLUMNS FROM `categories` [ RunTime:0.000996s ]
[2026-04-22T23:26:14+08:00][sql] SELECT * FROM `categories` WHERE  `type` = 1  AND `status` = 1 ORDER BY `sort` ASC [ RunTime:0.000530s ]
[2026-04-22T23:26:14+08:00][sql] SHOW FULL COLUMNS FROM `prompts` [ RunTime:0.003590s ]
[2026-04-22T23:26:14+08:00][sql] SELECT COUNT(*) AS think_count FROM `prompts` WHERE  `status` = 2 ORDER BY `create_time` DESC LIMIT 1 [ RunTime:0.000485s ]
[2026-04-22T23:26:14+08:00][sql] SELECT * FROM `prompts` WHERE  `status` = 2 ORDER BY `create_time` DESC LIMIT 0,10 [ RunTime:0.000409s ]
[2026-04-22T23:26:15+08:00][sql] CONNECT:[ UseTime:0.022404s ] mysql:host=127.0.0.1;port=3306;dbname=ai_prompt;charset=utf8mb4
[2026-04-22T23:26:15+08:00][sql] SHOW FULL COLUMNS FROM `categories` [ RunTime:0.000779s ]
[2026-04-22T23:26:15+08:00][sql] SELECT * FROM `categories` WHERE  `type` = 1  AND `status` = 1 ORDER BY `sort` ASC [ RunTime:0.000387s ]
[2026-04-22T23:26:15+08:00][sql] SHOW FULL COLUMNS FROM `prompts` [ RunTime:0.003499s ]
[2026-04-22T23:26:15+08:00][sql] SELECT COUNT(*) AS think_count FROM `prompts` WHERE  `status` = 2 ORDER BY `create_time` DESC LIMIT 1 [ RunTime:0.000352s ]
[2026-04-22T23:26:15+08:00][sql] SELECT * FROM `prompts` WHERE  `status` = 2 ORDER BY `create_time` DESC LIMIT 0,10 [ RunTime:0.000400s ]
[2026-04-22T23:26:16+08:00][sql] CONNECT:[ UseTime:0.020812s ] mysql:host=127.0.0.1;port=3306;dbname=ai_prompt;charset=utf8mb4
[2026-04-22T23:26:16+08:00][sql] SHOW FULL COLUMNS FROM `categories` [ RunTime:0.001394s ]
[2026-04-22T23:26:16+08:00][sql] SELECT * FROM `categories` WHERE  `type` = 1  AND `status` = 1 ORDER BY `sort` ASC [ RunTime:0.000611s ]
[2026-04-22T23:26:16+08:00][sql] SHOW FULL COLUMNS FROM `prompts` [ RunTime:0.000909s ]
[2026-04-22T23:26:16+08:00][sql] SELECT COUNT(*) AS think_count FROM `prompts` WHERE  `status` = 2 ORDER BY `create_time` DESC LIMIT 1 [ RunTime:0.000506s ]
[2026-04-22T23:26:16+08:00][sql] SELECT * FROM `prompts` WHERE  `status` = 2 ORDER BY `create_time` DESC LIMIT 0,10 [ RunTime:0.000440s ]
[2026-04-22T23:26:16+08:00][sql] CONNECT:[ UseTime:0.020901s ] mysql:host=127.0.0.1;port=3306;dbname=ai_prompt;charset=utf8mb4
[2026-04-22T23:26:16+08:00][sql] SHOW FULL COLUMNS FROM `categories` [ RunTime:0.000889s ]
[2026-04-22T23:26:16+08:00][sql] SELECT * FROM `categories` WHERE  `type` = 1  AND `status` = 1 ORDER BY `sort` ASC [ RunTime:0.000355s ]
[2026-04-22T23:26:16+08:00][sql] SHOW FULL COLUMNS FROM `prompts` [ RunTime:0.000659s ]
[2026-04-22T23:26:16+08:00][sql] SELECT COUNT(*) AS think_count FROM `prompts` WHERE  `status` = 2 ORDER BY `create_time` DESC LIMIT 1 [ RunTime:0.000439s ]
[2026-04-22T23:26:16+08:00][sql] SELECT * FROM `prompts` WHERE  `status` = 2 ORDER BY `create_time` DESC LIMIT 0,10 [ RunTime:0.000445s ]
[2026-04-22T23:26:17+08:00][sql] CONNECT:[ UseTime:0.025503s ] mysql:host=127.0.0.1;port=3306;dbname=ai_prompt;charset=utf8mb4
[2026-04-22T23:26:17+08:00][sql] SHOW FULL COLUMNS FROM `categories` [ RunTime:0.001188s ]
[2026-04-22T23:26:17+08:00][sql] SELECT * FROM `categories` WHERE  `type` = 1  AND `status` = 1 ORDER BY `sort` ASC [ RunTime:0.000457s ]
[2026-04-22T23:26:17+08:00][sql] SHOW FULL COLUMNS FROM `prompts` [ RunTime:0.003413s ]
[2026-04-22T23:26:17+08:00][sql] SELECT COUNT(*) AS think_count FROM `prompts` WHERE  `status` = 2 ORDER BY `create_time` DESC LIMIT 1 [ RunTime:0.000347s ]
[2026-04-22T23:26:17+08:00][sql] SELECT * FROM `prompts` WHERE  `status` = 2 ORDER BY `create_time` DESC LIMIT 0,10 [ RunTime:0.000377s ]
[2026-04-22T23:26:17+08:00][sql] CONNECT:[ UseTime:0.021928s ] mysql:host=127.0.0.1;port=3306;dbname=ai_prompt;charset=utf8mb4
[2026-04-22T23:26:17+08:00][sql] SHOW FULL COLUMNS FROM `categories` [ RunTime:0.004358s ]
[2026-04-22T23:26:17+08:00][sql] SELECT * FROM `categories` WHERE  `type` = 1  AND `status` = 1 ORDER BY `sort` ASC [ RunTime:0.000477s ]
[2026-04-22T23:26:17+08:00][sql] SHOW FULL COLUMNS FROM `prompts` [ RunTime:0.003361s ]
[2026-04-22T23:26:17+08:00][sql] SELECT COUNT(*) AS think_count FROM `prompts` WHERE  `status` = 2 ORDER BY `create_time` DESC LIMIT 1 [ RunTime:0.000383s ]
[2026-04-22T23:26:17+08:00][sql] SELECT * FROM `prompts` WHERE  `status` = 2 ORDER BY `create_time` DESC LIMIT 0,10 [ RunTime:0.000917s ]
[2026-04-22T23:26:20+08:00][sql] CONNECT:[ UseTime:0.002294s ] mysql:host=127.0.0.1;port=3306;dbname=ai_prompt;charset=utf8mb4
[2026-04-22T23:26:20+08:00][sql] SHOW FULL COLUMNS FROM `categories` [ RunTime:0.001090s ]
[2026-04-22T23:26:20+08:00][sql] SELECT * FROM `categories` WHERE  `type` = 2  AND `status` = 1 ORDER BY `sort` ASC [ RunTime:0.000698s ]
[2026-04-22T23:26:20+08:00][sql] SHOW FULL COLUMNS FROM `workflows` [ RunTime:0.000903s ]
[2026-04-22T23:26:20+08:00][sql] SELECT COUNT(*) AS think_count FROM `workflows` WHERE  `status` = 2 ORDER BY `create_time` DESC LIMIT 1 [ RunTime:0.000388s ]
[2026-04-22T23:26:20+08:00][sql] SELECT * FROM `workflows` WHERE  `status` = 2 ORDER BY `create_time` DESC LIMIT 0,10 [ RunTime:0.000356s ]
[2026-04-22T23:26:22+08:00][sql] CONNECT:[ UseTime:0.026235s ] mysql:host=127.0.0.1;port=3306;dbname=ai_prompt;charset=utf8mb4
[2026-04-22T23:26:22+08:00][sql] SHOW FULL COLUMNS FROM `categories` [ RunTime:0.003584s ]
[2026-04-22T23:26:22+08:00][sql] SELECT * FROM `categories` WHERE  `type` = 2  AND `status` = 1 ORDER BY `sort` ASC [ RunTime:0.001789s ]
[2026-04-22T23:26:22+08:00][sql] SHOW FULL COLUMNS FROM `workflows` [ RunTime:0.001330s ]
[2026-04-22T23:26:22+08:00][sql] SELECT COUNT(*) AS think_count FROM `workflows` WHERE  `status` = 2 ORDER BY `create_time` DESC LIMIT 1 [ RunTime:0.000477s ]
[2026-04-22T23:26:22+08:00][sql] SELECT * FROM `workflows` WHERE  `status` = 2 ORDER BY `create_time` DESC LIMIT 0,10 [ RunTime:0.000501s ]
[2026-04-22T23:26:23+08:00][sql] CONNECT:[ UseTime:0.017840s ] mysql:host=127.0.0.1;port=3306;dbname=ai_prompt;charset=utf8mb4
[2026-04-22T23:26:23+08:00][sql] SHOW FULL COLUMNS FROM `categories` [ RunTime:0.000835s ]
[2026-04-22T23:26:23+08:00][sql] SELECT * FROM `categories` WHERE  `type` = 2  AND `status` = 1 ORDER BY `sort` ASC [ RunTime:0.000349s ]
[2026-04-22T23:26:23+08:00][sql] SHOW FULL COLUMNS FROM `workflows` [ RunTime:0.000723s ]
[2026-04-22T23:26:23+08:00][sql] SELECT COUNT(*) AS think_count FROM `workflows` WHERE  `status` = 2 ORDER BY `create_time` DESC LIMIT 1 [ RunTime:0.000369s ]
[2026-04-22T23:26:23+08:00][sql] SELECT * FROM `workflows` WHERE  `status` = 2 ORDER BY `create_time` DESC LIMIT 0,10 [ RunTime:0.000401s ]
[2026-04-22T23:26:23+08:00][sql] CONNECT:[ UseTime:0.017174s ] mysql:host=127.0.0.1;port=3306;dbname=ai_prompt;charset=utf8mb4
[2026-04-22T23:26:23+08:00][sql] SHOW FULL COLUMNS FROM `categories` [ RunTime:0.000808s ]
[2026-04-22T23:26:23+08:00][sql] SELECT * FROM `categories` WHERE  `type` = 2  AND `status` = 1 ORDER BY `sort` ASC [ RunTime:0.000384s ]
[2026-04-22T23:26:23+08:00][sql] SHOW FULL COLUMNS FROM `workflows` [ RunTime:0.001556s ]
[2026-04-22T23:26:23+08:00][sql] SELECT COUNT(*) AS think_count FROM `workflows` WHERE  `status` = 2 ORDER BY `create_time` DESC LIMIT 1 [ RunTime:0.000379s ]
[2026-04-22T23:26:23+08:00][sql] SELECT * FROM `workflows` WHERE  `status` = 2 ORDER BY `create_time` DESC LIMIT 0,10 [ RunTime:0.000383s ]
[2026-04-22T23:26:24+08:00][sql] CONNECT:[ UseTime:0.017146s ] mysql:host=127.0.0.1;port=3306;dbname=ai_prompt;charset=utf8mb4
[2026-04-22T23:26:24+08:00][sql] SHOW FULL COLUMNS FROM `categories` [ RunTime:0.001169s ]
[2026-04-22T23:26:24+08:00][sql] SELECT * FROM `categories` WHERE  `type` = 2  AND `status` = 1 ORDER BY `sort` ASC [ RunTime:0.000391s ]
[2026-04-22T23:26:24+08:00][sql] SHOW FULL COLUMNS FROM `workflows` [ RunTime:0.001506s ]
[2026-04-22T23:26:24+08:00][sql] SELECT COUNT(*) AS think_count FROM `workflows` WHERE  `status` = 2 ORDER BY `create_time` DESC LIMIT 1 [ RunTime:0.000400s ]
[2026-04-22T23:26:24+08:00][sql] SELECT * FROM `workflows` WHERE  `status` = 2 ORDER BY `create_time` DESC LIMIT 0,10 [ RunTime:0.000384s ]
[2026-04-22T23:26:37+08:00][sql] CONNECT:[ UseTime:0.014961s ] mysql:host=127.0.0.1;port=3306;dbname=ai_prompt;charset=utf8mb4
[2026-04-22T23:26:37+08:00][sql] SHOW FULL COLUMNS FROM `categories` [ RunTime:0.001171s ]
[2026-04-22T23:26:37+08:00][sql] SELECT * FROM `categories` WHERE  `type` = 2  AND `status` = 1 ORDER BY `sort` ASC [ RunTime:0.000655s ]
[2026-04-22T23:26:37+08:00][sql] SHOW FULL COLUMNS FROM `workflows` [ RunTime:0.000842s ]
[2026-04-22T23:26:37+08:00][sql] SELECT COUNT(*) AS think_count FROM `workflows` WHERE  `status` = 2 ORDER BY `create_time` DESC LIMIT 1 [ RunTime:0.000358s ]
[2026-04-22T23:26:37+08:00][sql] SELECT * FROM `workflows` WHERE  `status` = 2 ORDER BY `create_time` DESC LIMIT 0,10 [ RunTime:0.000335s ]
[2026-04-22T23:26:40+08:00][sql] CONNECT:[ UseTime:0.022255s ] mysql:host=127.0.0.1;port=3306;dbname=ai_prompt;charset=utf8mb4
[2026-04-22T23:26:40+08:00][sql] SHOW FULL COLUMNS FROM `categories` [ RunTime:0.000920s ]
[2026-04-22T23:26:40+08:00][sql] SELECT * FROM `categories` WHERE  `type` = 1  AND `status` = 1 ORDER BY `sort` ASC [ RunTime:0.000424s ]
[2026-04-22T23:26:40+08:00][sql] SHOW FULL COLUMNS FROM `prompts` [ RunTime:0.000730s ]
[2026-04-22T23:26:40+08:00][sql] SELECT COUNT(*) AS think_count FROM `prompts` WHERE  `status` = 2 ORDER BY `create_time` DESC LIMIT 1 [ RunTime:0.000257s ]
[2026-04-22T23:26:40+08:00][sql] SELECT * FROM `prompts` WHERE  `status` = 2 ORDER BY `create_time` DESC LIMIT 0,10 [ RunTime:0.000327s ]
[2026-04-22T23:26:56+08:00][sql] CONNECT:[ UseTime:0.015227s ] mysql:host=127.0.0.1;port=3306;dbname=ai_prompt;charset=utf8mb4
[2026-04-22T23:26:56+08:00][sql] SHOW FULL COLUMNS FROM `categories` [ RunTime:0.000672s ]
[2026-04-22T23:26:56+08:00][sql] SELECT * FROM `categories` WHERE  `type` = 1  AND `status` = 1 ORDER BY `sort` ASC [ RunTime:0.000447s ]
[2026-04-22T23:26:56+08:00][sql] SHOW FULL COLUMNS FROM `prompts` [ RunTime:0.000787s ]
[2026-04-22T23:26:56+08:00][sql] SELECT COUNT(*) AS think_count FROM `prompts` WHERE  `status` = 2 ORDER BY `create_time` DESC LIMIT 1 [ RunTime:0.000388s ]
[2026-04-22T23:26:56+08:00][sql] SELECT * FROM `prompts` WHERE  `status` = 2 ORDER BY `create_time` DESC LIMIT 0,10 [ RunTime:0.000410s ]
[2026-04-22T23:27:39+08:00][sql] CONNECT:[ UseTime:0.001259s ] mysql:host=127.0.0.1;port=3306;dbname=ai_prompt;charset=utf8mb4
[2026-04-22T23:27:39+08:00][sql] SHOW FULL COLUMNS FROM `categories` [ RunTime:0.001208s ]
[2026-04-22T23:27:39+08:00][sql] SELECT * FROM `categories` WHERE  `type` = 1  AND `status` = 1 ORDER BY `sort` ASC [ RunTime:0.000420s ]
[2026-04-22T23:27:39+08:00][sql] SHOW FULL COLUMNS FROM `prompts` [ RunTime:0.000737s ]
[2026-04-22T23:27:39+08:00][sql] SELECT COUNT(*) AS think_count FROM `prompts` WHERE  `status` = 2 ORDER BY `create_time` DESC LIMIT 1 [ RunTime:0.000348s ]
[2026-04-22T23:27:39+08:00][sql] SELECT * FROM `prompts` WHERE  `status` = 2 ORDER BY `create_time` DESC LIMIT 0,10 [ RunTime:0.000430s ]
[2026-04-22T23:27:40+08:00][sql] CONNECT:[ UseTime:0.014138s ] mysql:host=127.0.0.1;port=3306;dbname=ai_prompt;charset=utf8mb4
[2026-04-22T23:27:40+08:00][sql] SHOW FULL COLUMNS FROM `categories` [ RunTime:0.000818s ]
[2026-04-22T23:27:40+08:00][sql] SELECT * FROM `categories` WHERE  `type` = 1  AND `status` = 1 ORDER BY `sort` ASC [ RunTime:0.000328s ]
[2026-04-22T23:27:40+08:00][sql] SHOW FULL COLUMNS FROM `prompts` [ RunTime:0.001959s ]
[2026-04-22T23:27:40+08:00][sql] SELECT COUNT(*) AS think_count FROM `prompts` WHERE  `status` = 2 ORDER BY `create_time` DESC LIMIT 1 [ RunTime:0.000569s ]
[2026-04-22T23:27:40+08:00][sql] SELECT * FROM `prompts` WHERE  `status` = 2 ORDER BY `create_time` DESC LIMIT 0,10 [ RunTime:0.000479s ]
